{
  "timestamp": "2025-09-04T14:56:30.268Z",
  "summary": {
    "total": 17,
    "passed": 15,
    "warnings": 1,
    "errors": 1
  },
  "results": {
    "passed": [
      {
        "check": "project-structure",
        "message": "All required files and directories exist",
        "details": null,
        "timestamp": "2025-09-04T14:56:16.900Z"
      },
      {
        "check": "package-json",
        "message": "All required scripts are present",
        "details": null,
        "timestamp": "2025-09-04T14:56:16.900Z"
      },
      {
        "check": "package-json",
        "message": "All critical dependencies are present",
        "details": null,
        "timestamp": "2025-09-04T14:56:16.900Z"
      },
      {
        "check": "environment",
        "message": "env.development has all required variables",
        "details": null,
        "timestamp": "2025-09-04T14:56:16.901Z"
      },
      {
        "check": "environment",
        "message": "env.production has all required variables",
        "details": null,
        "timestamp": "2025-09-04T14:56:16.901Z"
      },
      {
        "check": "environment",
        "message": "env.docker has all required variables",
        "details": null,
        "timestamp": "2025-09-04T14:56:16.901Z"
      },
      {
        "check": "environment",
        "message": "env.example has all required variables",
        "details": null,
        "timestamp": "2025-09-04T14:56:16.901Z"
      },
      {
        "check": "environment",
        "message": ".env file exists",
        "details": null,
        "timestamp": "2025-09-04T14:56:16.901Z"
      },
      {
        "check": "typescript",
        "message": "tsconfig.json is valid JSON",
        "details": null,
        "timestamp": "2025-09-04T14:56:16.902Z"
      },
      {
        "check": "typescript",
        "message": "tsconfig.server.json is valid JSON",
        "details": null,
        "timestamp": "2025-09-04T14:56:16.902Z"
      },
      {
        "check": "prisma",
        "message": "Prisma schema is valid",
        "details": null,
        "timestamp": "2025-09-04T14:56:29.487Z"
      },
      {
        "check": "docker",
        "message": "Dockerfile exists",
        "details": null,
        "timestamp": "2025-09-04T14:56:30.268Z"
      },
      {
        "check": "docker",
        "message": "Dockerfile.web exists",
        "details": null,
        "timestamp": "2025-09-04T14:56:30.268Z"
      },
      {
        "check": "docker",
        "message": "docker-compose.yml exists",
        "details": null,
        "timestamp": "2025-09-04T14:56:30.268Z"
      },
      {
        "check": "docker",
        "message": "docker-compose.yml has all required services",
        "details": null,
        "timestamp": "2025-09-04T14:56:30.268Z"
      }
    ],
    "warnings": [
      {
        "check": "prisma",
        "message": "Prisma client generation issues",
        "details": {
          "stderr": "┌─────────────────────────────────────────────────────────┐\n│  Update available 6.13.0 -> 6.15.0                      │\n│  Run the following to update                            │\n│    npm i --save-dev prisma@latest                       │\n│    npm i @prisma/client@latest                          │\n└─────────────────────────────────────────────────────────┘\n\n! unknown or unexpected option: --dry-run\n\nGenerate artifacts (e.g. Prisma Client)\n\nUsage\n\n  $ prisma generate [options]\n\nOptions\n          -h, --help   Display this help message\n            --config   Custom path to your Prisma config file\n            --schema   Custom path to your Prisma schema\n               --sql   Generate typed sql module\n             --watch   Watch the Prisma schema and rerun after a change\n         --generator   Generator to use (may be provided multiple times)\n         --no-engine   Generate a client for use with Accelerate only\n          --no-hints   Hides the hint messages but still outputs errors and warnings\n   --allow-no-models   Allow generating a client without models (default)\n    --require-models   Do not allow generating a client without models\n\nExamples\n\n  With an existing Prisma schema\n    $ prisma generate\n\n  Or specify a schema\n    $ prisma generate --schema=./schema.prisma\n\n  Run the command with multiple specific generators\n    $ prisma generate --generator client1 --generator client2\n\n  Watch Prisma schema file and rerun after each change\n    $ prisma generate --watch\n\n"
        },
        "timestamp": "2025-09-04T14:56:30.267Z"
      }
    ],
    "errors": [
      {
        "check": "typescript",
        "message": "TypeScript compilation errors",
        "details": {
          "stdout": "src/api/services/ProjectService.ts(188,45): error TS7006: Parameter 'page' implicitly has an 'any' type.\nsrc/api/services/sites.api.ts(223,7): error TS18048: 'project.pages' is possibly 'undefined'.\nsrc/api/services/sites.api.ts(247,22): error TS18048: 'project.pages' is possibly 'undefined'.\nsrc/api/services/sites.api.ts(286,27): error TS18048: 'project.pages' is possibly 'undefined'.\nsrc/api/services/sites.api.ts(289,11): error TS18048: 'project.pages' is possibly 'undefined'.\nsrc/api/services/sites.api.ts(348,7): error TS2322: Type 'string | undefined' is not assignable to type 'string'.\n  Type 'undefined' is not assignable to type 'string'.\nsrc/api/services/sites.api.ts(350,7): error TS2322: Type 'boolean | undefined' is not assignable to type 'boolean'.\n  Type 'undefined' is not assignable to type 'boolean'.\nsrc/api/services/UserService.ts(192,47): error TS7006: Parameter 'project' implicitly has an 'any' type.\nsrc/api/services/UserService.ts(393,73): error TS2345: Argument of type 'string | null' is not assignable to parameter of type 'string'.\n  Type 'null' is not assignable to type 'string'.\nsrc/api/services/UserService.ts(498,82): error TS2345: Argument of type 'string | null' is not assignable to parameter of type 'string'.\n  Type 'null' is not assignable to type 'string'.\nsrc/components/admin/menu/CreateMenuItemModal.tsx(298,27): error TS2783: 'view' is specified more than once, so this usage will be overwritten.\nsrc/components/admin/menu/CreateMenuItemModal.tsx(299,27): error TS2783: 'targetId' is specified more than once, so this usage will be overwritten.\nsrc/components/admin/menu/drag-drop/useDragDrop.ts(131,7): error TS2322: Type 'string | undefined' is not assignable to type 'string | null'.\n  Type 'undefined' is not assignable to type 'string | null'.\nsrc/components/admin/menu/drag-drop/useDragDrop.ts(137,7): error TS2322: Type 'string | undefined' is not assignable to type 'string | null'.\n  Type 'undefined' is not assignable to type 'string | null'.\nsrc/components/admin/menu/drag-drop/useDragDrop.ts(166,7): error TS2322: Type 'string | null | undefined' is not assignable to type 'string | null'.\n  Type 'undefined' is not assignable to type 'string | null'.\nsrc/components/admin/menu/drag-drop/utils.ts(69,9): error TS2322: Type 'string | null' is not assignable to type 'string | undefined'.\n  Type 'null' is not assignable to type 'string | undefined'.\nsrc/components/admin/pages/PagesCategoriesManager.tsx(278,11): error TS2322: Type '(data: CreateWebCategoryRequest) => Promise<void>' is not assignable to type '(data: CreateWebCategoryRequest | UpdateWebCategoryRequest) => void'.\n  Types of parameters 'data' and 'data' are incompatible.\n    Type 'CreateWebCategoryRequest | UpdateWebCategoryRequest' is not assignable to type 'CreateWebCategoryRequest'.\n      Type 'UpdateWebCategoryRequest' is not assignable to type 'CreateWebCategoryRequest'.\n        Types of property 'name' are incompatible.\n          Type 'string | undefined' is not assignable to type 'string'.\n            Type 'undefined' is not assignable to type 'string'.\nsrc/components/dashy/Dropdowns/DropdownOne.tsx(10,33): error TS7006: Parameter 'event' implicitly has an 'any' type.\nsrc/components/dashy/Dropdowns/DropdownOne.tsx(13,30): error TS2339: Property 'contains' does not exist on type 'never'.\nsrc/components/dashy/Header/index.tsx(5,19): error TS7031: Binding element 'sidebarOpen' implicitly has an 'any' type.\nsrc/components/dashy/Header/index.tsx(5,32): error TS7031: Binding element 'setSidebarOpen' implicitly has an 'any' type.\nsrc/components/dashy/Maps/MapOne.tsx(36,20): error TS7006: Parameter 'code' implicitly has an 'any' type.\nsrc/components/dashy/Sidebar/index.tsx(250,20): error TS7031: Binding element 'sidebarOpen' implicitly has an 'any' type.\nsrc/components/dashy/Sidebar/index.tsx(250,33): error TS7031: Binding element 'setSidebarOpen' implicitly has an 'any' type.\nsrc/components/dashy/Sidebar/index.tsx(328,25): error TS2322: Type 'string | undefined' is not assignable to type 'To'.\n  Type 'undefined' is not assignable to type 'To'.\nsrc/components/legacy/ProjectWorkspace.tsx(297,10): error TS18048: 'currentProject.pages' is possibly 'undefined'.\nsrc/components/legacy/StudioInterface.tsx(241,55): error TS7006: Parameter 'block' implicitly has an 'any' type.\nsrc/components/navigation/ActiveMenuTracker.tsx(149,17): error TS7022: 'response' implicitly has type 'any' because it does not have a type annotation and is referenced directly or indirectly in its own initializer.\nsrc/components/navigation/ActiveMenuTracker.tsx(150,17): error TS7022: 'result' implicitly has type 'any' because it does not have a type annotation and is referenced directly or indirectly in its own initializer.\nsrc/components/redaktus/redaktus-core.tsx(286,23): error TS7006: Parameter 'prev' implicitly has an 'any' type.\nsrc/components/redaktus/redaktus-core.tsx(587,54): error TS7006: Parameter 'p' implicitly has an 'any' type.\nsrc/components/situs/projects/ProjectAnalytics.tsx(13,6): error TS7006: Parameter 'acc' implicitly has an 'any' type.\nsrc/components/situs/projects/ProjectAnalytics.tsx(13,11): error TS7006: Parameter 'product' implicitly has an 'any' type.\nsrc/components/situs/projects/ProjectAnalytics.tsx(151,43): error TS7006: Parameter 'product' implicitly has an 'any' type.\nsrc/components/situs/projects/ProjectKpiStrip.tsx(10,6): error TS7006: Parameter 'acc' implicitly has an 'any' type.\nsrc/components/situs/projects/ProjectKpiStrip.tsx(10,11): error TS7006: Parameter 'product' implicitly has an 'any' type.\nsrc/components/situs/projects/ProjectPages.tsx(28,56): error TS7006: Parameter 'page' implicitly has an 'any' type.\nsrc/components/situs/projects/ProjectPages.tsx(164,31): error TS7006: Parameter 'page' implicitly has an 'any' type.\nsrc/components/situs/projects/SiteMenuSettings.tsx(33,40): error TS7006: Parameter 'page' implicitly has an 'any' type.\nsrc/components/situs/projects/SiteMenuSettings.tsx(33,46): error TS7006: Parameter 'index' implicitly has an 'any' type.\nsrc/components/situs/projects/SiteMenuSettings.tsx(275,71): error TS7006: Parameter 'p' implicitly has an 'any' type.\nsrc/components/situs/projects/SiteMenuSettings.tsx(357,50): error TS7006: Parameter 'page' implicitly has an 'any' type.\nsrc/components/ui/core/Avatar/Avatar1.tsx(31,12): error TS7053: Element implicitly has an 'any' type because expression of type 'string' can't be used to index type '{ '6': string; '[38px]': string; '[42px]': string; '[52px]': string; '20': string; }'.\n  No index signature with a parameter of type 'string' was found on type '{ '6': string; '[38px]': string; '[42px]': string; '[52px]': string; '20': string; }'.\nsrc/components/ui/core/Avatar/Avatar2.tsx(31,12): error TS7053: Element implicitly has an 'any' type because expression of type 'string' can't be used to index type '{ '6': string; '[38px]': string; '[42px]': string; '[52px]': string; '20': string; }'.\n  No index signature with a parameter of type 'string' was found on type '{ '6': string; '[38px]': string; '[42px]': string; '[52px]': string; '20': string; }'.\nsrc/components/ui/core/Avatar/Avatar3.tsx(33,12): error TS7053: Element implicitly has an 'any' type because expression of type 'string' can't be used to index type '{ '6': string; '[38px]': string; '[42px]': string; '[52px]': string; '20': string; }'.\n  No index signature with a parameter of type 'string' was found on type '{ '6': string; '[38px]': string; '[42px]': string; '[52px]': string; '20': string; }'.\nsrc/components/ui/core/Avatar/Avatar4.tsx(33,12): error TS7053: Element implicitly has an 'any' type because expression of type 'string' can't be used to index type '{ '6': string; '[38px]': string; '[42px]': string; '[52px]': string; '20': string; }'.\n  No index signature with a parameter of type 'string' was found on type '{ '6': string; '[38px]': string; '[42px]': string; '[52px]': string; '20': string; }'.\nsrc/components/ui/core/Avatar/Avatar5.tsx(74,12): error TS7053: Element implicitly has an 'any' type because expression of type 'string' can't be used to index type '{ '6': string; '[38px]': string; '[42px]': string; '[52px]': string; '20': string; }'.\n  No index signature with a parameter of type 'string' was found on type '{ '6': string; '[38px]': string; '[42px]': string; '[52px]': string; '20': string; }'.\nsrc/components/ui/core/Avatar/Avatar5.tsx(86,12): error TS7053: Element implicitly has an 'any' type because expression of type 'string' can't be used to index type '{ '[7px]': string; '3': string; '[13px]': string; '[15px]': string; '[18px]': string; }'.\n  No index signature with a parameter of type 'string' was found on type '{ '[7px]': string; '3': string; '[13px]': string; '[15px]': string; '[18px]': string; }'.\nsrc/components/ui/core/Avatar/Avatar6.tsx(81,12): error TS7053: Element implicitly has an 'any' type because expression of type 'string' can't be used to index type '{ '6': string; '[38px]': string; '[42px]': string; '[52px]': string; '20': string; }'.\n  No index signature with a parameter of type 'string' was found on type '{ '6': string; '[38px]': string; '[42px]': string; '[52px]': string; '20': string; }'.\nsrc/components/ui/core/Avatar/Avatar6.tsx(93,12): error TS7053: Element implicitly has an 'any' type because expression of type 'string' can't be used to index type '{ '[7px]': string; '3': string; '[13px]': string; '[15px]': string; '[18px]': string; }'.\n  No index signature with a parameter of type 'string' was found on type '{ '[7px]': string; '3': string; '[13px]': string; '[15px]': string; '[18px]': string; }'.\nsrc/components/ui/core/Avatar/Avatar6.tsx(104,12): error TS7053: Element implicitly has an 'any' type because expression of type 'string' can't be used to index type '{ '0.5': string; '1': string; '[6px]': string; '2': string; }'.\n  No index signature with a parameter of type 'string' was found on type '{ '0.5': string; '1': string; '[6px]': string; '2': string; }'.\nsrc/components/ui/core/Avatar/Avatar9.tsx(62,29): error TS7031: Binding element 'target' implicitly has an 'any' type.\nsrc/components/ui/core/Avatar/Avatar9.tsx(64,45): error TS2339: Property 'contains' does not exist on type 'never'.\nsrc/components/ui/core/Avatar/Avatar9.tsx(64,65): error TS18047: 'trigger.current' is possibly 'null'.\nsrc/components/ui/core/Avatar/Avatar9.tsx(73,27): error TS7031: Binding element 'keyCode' implicitly has an 'any' type.\nsrc/components/ui/core/Badge/index.tsx(4,3): error TS7031: Binding element 'primary' implicitly has an 'any' type.\nsrc/components/ui/core/Badge/index.tsx(5,3): error TS7031: Binding element 'secondary' implicitly has an 'any' type.\nsrc/components/ui/core/Badge/index.tsx(6,3): error TS7031: Binding element 'gray' implicitly has an 'any' type.\nsrc/components/ui/core/Badge/index.tsx(7,3): error TS7031: Binding element 'dark' implicitly has an 'any' type.\nsrc/components/ui/core/Badge/index.tsx(8,3): error TS7031: Binding element 'light' implicitly has an 'any' type.\nsrc/components/ui/core/Badge/index.tsx(9,3): error TS7031: Binding element 'warning' implicitly has an 'any' type.\nsrc/components/ui/core/Badge/index.tsx(10,3): error TS7031: Binding element 'danger' implicitly has an 'any' type.\nsrc/components/ui/core/Badge/index.tsx(11,3): error TS7031: Binding element 'success' implicitly has an 'any' type.\nsrc/components/ui/core/Badge/index.tsx(12,3): error TS7031: Binding element 'info' implicitly has an 'any' type.\nsrc/components/ui/core/Badge/index.tsx(13,3): error TS7031: Binding element 'outline' implicitly has an 'any' type.\nsrc/components/ui/core/Badge/index.tsx(14,3): error TS7031: Binding element 'roundedFull' implicitly has an 'any' type.\nsrc/components/ui/core/Badge/index.tsx(15,3): error TS7031: Binding element 'roundedLg' implicitly has an 'any' type.\nsrc/components/ui/core/Badge/index.tsx(16,3): error TS7031: Binding element 'roundedNone' implicitly has an 'any' type.\nsrc/components/ui/core/Badge/index.tsx(17,3): error TS7031: Binding element 'roundedSm' implicitly has an 'any' type.\nsrc/components/ui/core/Badge/index.tsx(18,3): error TS7031: Binding element 'roundedMd' implicitly has an 'any' type.\nsrc/components/ui/core/Badge/index.tsx(19,3): error TS7031: Binding element 'label' implicitly has an 'any' type.\nsrc/components/ui/core/Badges/DangerBadge.tsx(24,23): error TS7031: Binding element 'children' implicitly has an 'any' type.\nsrc/components/ui/core/Badges/DangerBadge.tsx(24,33): error TS7031: Binding element 'outline' implicitly has an 'any' type.\nsrc/components/ui/core/Badges/DangerBadge.tsx(24,42): error TS7031: Binding element 'roundedFull' implicitly has an 'any' type.\nsrc/components/ui/core/Badges/DangerBadge.tsx(24,55): error TS7031: Binding element 'roundedLg' implicitly has an 'any' type.\nsrc/components/ui/core/Badges/DangerBadge.tsx(24,66): error TS7031: Binding element 'roundedNone' implicitly has an 'any' type.\nsrc/components/ui/core/Badges/DangerBadge.tsx(24,79): error TS7031: Binding element 'roundedSm' implicitly has an 'any' type.\nsrc/components/ui/core/Badges/DangerBadge.tsx(24,90): error TS7031: Binding element 'roundedMd' implicitly has an 'any' type.\nsrc/components/ui/core/Badges/DangerBadge.tsx(24,101): error TS7031: Binding element 'bgOpacity' implicitly has an 'any' type.\nsrc/components/ui/core/Badges/DarkBadge.tsx(24,23): error TS7031: Binding element 'children' implicitly has an 'any' type.\nsrc/components/ui/core/Badges/DarkBadge.tsx(24,33): error TS7031: Binding element 'outline' implicitly has an 'any' type.\nsrc/components/ui/core/Badges/DarkBadge.tsx(24,42): error TS7031: Binding element 'roundedFull' implicitly has an 'any' type.\nsrc/components/ui/core/Badges/DarkBadge.tsx(24,55): error TS7031: Binding element 'roundedLg' implicitly has an 'any' type.\nsrc/components/ui/core/Badges/DarkBadge.tsx(24,66): error TS7031: Binding element 'roundedNone' implicitly has an 'any' type.\nsrc/components/ui/core/Badges/DarkBadge.tsx(24,79): error TS7031: Binding element 'roundedSm' implicitly has an 'any' type.\nsrc/components/ui/core/Badges/DarkBadge.tsx(24,90): error TS7031: Binding element 'roundedMd' implicitly has an 'any' type.\nsrc/components/ui/core/Badges/DarkBadge.tsx(24,101): error TS7031: Binding element 'bgOpacity' implicitly has an 'any' type.\nsrc/components/ui/core/Badges/GrayBadge.tsx(24,23): error TS7031: Binding element 'children' implicitly has an 'any' type.\nsrc/components/ui/core/Badges/GrayBadge.tsx(24,33): error TS7031: Binding element 'outline' implicitly has an 'any' type.\nsrc/components/ui/core/Badges/GrayBadge.tsx(24,42): error TS7031: Binding element 'roundedFull' implicitly has an 'any' type.\nsrc/components/ui/core/Badges/GrayBadge.tsx(24,55): error TS7031: Binding element 'roundedLg' implicitly has an 'any' type.\nsrc/components/ui/core/Badges/GrayBadge.tsx(24,66): error TS7031: Binding element 'roundedNone' implicitly has an 'any' type.\nsrc/components/ui/core/Badges/GrayBadge.tsx(24,79): error TS7031: Binding element 'roundedSm' implicitly has an 'any' type.\nsrc/components/ui/core/Badges/GrayBadge.tsx(24,90): error TS7031: Binding element 'roundedMd' implicitly has an 'any' type.\nsrc/components/ui/core/Badges/GrayBadge.tsx(24,101): error TS7031: Binding element 'bgOpacity' implicitly has an 'any' type.\nsrc/components/ui/core/Badges/InfoBadge.tsx(24,23): error TS7031: Binding element 'children' implicitly has an 'any' type.\nsrc/components/ui/core/Badges/InfoBadge.tsx(24,33): error TS7031: Binding element 'outline' implicitly has an 'any' type.\nsrc/components/ui/core/Badges/InfoBadge.tsx(24,42): error TS7031: Binding element 'roundedFull' implicitly has an 'any' type.\nsrc/components/ui/core/Badges/InfoBadge.tsx(24,55): error TS7031: Binding element 'roundedLg' implicitly has an 'any' type.\nsrc/components/ui/core/Badges/InfoBadge.tsx(24,66): error TS7031: Binding element 'roundedNone' implicitly has an 'any' type.\nsrc/components/ui/core/Badges/InfoBadge.tsx(24,79): error TS7031: Binding element 'roundedSm' implicitly has an 'any' type.\nsrc/components/ui/core/Badges/InfoBadge.tsx(24,90): error TS7031: Binding element 'roundedMd' implicitly has an 'any' type.\nsrc/components/ui/core/Badges/InfoBadge.tsx(24,101): error TS7031: Binding element 'bgOpacity' implicitly has an 'any' type.\nsrc/components/ui/core/Badges/LightBadge.tsx(24,23): error TS7031: Binding element 'children' implicitly has an 'any' type.\nsrc/components/ui/core/Badges/LightBadge.tsx(24,33): error TS7031: Binding element 'outline' implicitly has an 'any' type.\nsrc/components/ui/core/Badges/LightBadge.tsx(24,42): error TS7031: Binding element 'roundedFull' implicitly has an 'any' type.\nsrc/components/ui/core/Badges/LightBadge.tsx(24,55): error TS7031: Binding element 'roundedLg' implicitly has an 'any' type.\nsrc/components/ui/core/Badges/LightBadge.tsx(24,66): error TS7031: Binding element 'roundedNone' implicitly has an 'any' type.\nsrc/components/ui/core/Badges/LightBadge.tsx(24,79): error TS7031: Binding element 'roundedSm' implicitly has an 'any' type.\nsrc/components/ui/core/Badges/LightBadge.tsx(24,90): error TS7031: Binding element 'roundedMd' implicitly has an 'any' type.\nsrc/components/ui/core/Badges/LightBadge.tsx(24,101): error TS7031: Binding element 'bgOpacity' implicitly has an 'any' type.\nsrc/components/ui/core/Badges/PrimaryBadge.tsx(24,23): error TS7031: Binding element 'children' implicitly has an 'any' type.\nsrc/components/ui/core/Badges/PrimaryBadge.tsx(24,33): error TS7031: Binding element 'outline' implicitly has an 'any' type.\nsrc/components/ui/core/Badges/PrimaryBadge.tsx(24,42): error TS7031: Binding element 'roundedFull' implicitly has an 'any' type.\nsrc/components/ui/core/Badges/PrimaryBadge.tsx(24,55): error TS7031: Binding element 'roundedLg' implicitly has an 'any' type.\nsrc/components/ui/core/Badges/PrimaryBadge.tsx(24,66): error TS7031: Binding element 'roundedNone' implicitly has an 'any' type.\nsrc/components/ui/core/Badges/PrimaryBadge.tsx(24,79): error TS7031: Binding element 'roundedSm' implicitly has an 'any' type.\nsrc/components/ui/core/Badges/PrimaryBadge.tsx(24,90): error TS7031: Binding element 'roundedMd' implicitly has an 'any' type.\nsrc/components/ui/core/Badges/PrimaryBadge.tsx(24,101): error TS7031: Binding element 'bgOpacity' implicitly has an 'any' type.\nsrc/components/ui/core/Badges/SecondaryBadge.tsx(24,23): error TS7031: Binding element 'children' implicitly has an 'any' type.\nsrc/components/ui/core/Badges/SecondaryBadge.tsx(24,33): error TS7031: Binding element 'outline' implicitly has an 'any' type.\nsrc/components/ui/core/Badges/SecondaryBadge.tsx(24,42): error TS7031: Binding element 'roundedFull' implicitly has an 'any' type.\nsrc/components/ui/core/Badges/SecondaryBadge.tsx(24,55): error TS7031: Binding element 'roundedLg' implicitly has an 'any' type.\nsrc/components/ui/core/Badges/SecondaryBadge.tsx(24,66): error TS7031: Binding element 'roundedNone' implicitly has an 'any' type.\nsrc/components/ui/core/Badges/SecondaryBadge.tsx(24,79): error TS7031: Binding element 'roundedSm' implicitly has an 'any' type.\nsrc/components/ui/core/Badges/SecondaryBadge.tsx(24,90): error TS7031: Binding element 'roundedMd' implicitly has an 'any' type.\nsrc/components/ui/core/Badges/SecondaryBadge.tsx(24,101): error TS7031: Binding element 'bgOpacity' implicitly has an 'any' type.\nsrc/components/ui/core/Badges/SuccessBadge.tsx(24,23): error TS7031: Binding element 'children' implicitly has an 'any' type.\nsrc/components/ui/core/Badges/SuccessBadge.tsx(24,33): error TS7031: Binding element 'outline' implicitly has an 'any' type.\nsrc/components/ui/core/Badges/SuccessBadge.tsx(24,42): error TS7031: Binding element 'roundedFull' implicitly has an 'any' type.\nsrc/components/ui/core/Badges/SuccessBadge.tsx(24,55): error TS7031: Binding element 'roundedLg' implicitly has an 'any' type.\nsrc/components/ui/core/Badges/SuccessBadge.tsx(24,66): error TS7031: Binding element 'roundedNone' implicitly has an 'any' type.\nsrc/components/ui/core/Badges/SuccessBadge.tsx(24,79): error TS7031: Binding element 'roundedSm' implicitly has an 'any' type.\nsrc/components/ui/core/Badges/SuccessBadge.tsx(24,90): error TS7031: Binding element 'roundedMd' implicitly has an 'any' type.\nsrc/components/ui/core/Badges/SuccessBadge.tsx(24,101): error TS7031: Binding element 'bgOpacity' implicitly has an 'any' type.\nsrc/components/ui/core/Badges/WarningBadge.tsx(24,23): error TS7031: Binding element 'children' implicitly has an 'any' type.\nsrc/components/ui/core/Badges/WarningBadge.tsx(24,33): error TS7031: Binding element 'outline' implicitly has an 'any' type.\nsrc/components/ui/core/Badges/WarningBadge.tsx(24,42): error TS7031: Binding element 'roundedFull' implicitly has an 'any' type.\nsrc/components/ui/core/Badges/WarningBadge.tsx(24,55): error TS7031: Binding element 'roundedLg' implicitly has an 'any' type.\nsrc/components/ui/core/Badges/WarningBadge.tsx(24,66): error TS7031: Binding element 'roundedNone' implicitly has an 'any' type.\nsrc/components/ui/core/Badges/WarningBadge.tsx(24,79): error TS7031: Binding element 'roundedSm' implicitly has an 'any' type.\nsrc/components/ui/core/Badges/WarningBadge.tsx(24,90): error TS7031: Binding element 'roundedMd' implicitly has an 'any' type.\nsrc/components/ui/core/Badges/WarningBadge.tsx(24,101): error TS7031: Binding element 'bgOpacity' implicitly has an 'any' type.\nsrc/components/ui/core/FormElement/FormElementFileUpload.tsx(27,26): error TS7031: Binding element 'children' implicitly has an 'any' type.\nsrc/components/ui/core/FormElement/FormElementInput.tsx(51,26): error TS7031: Binding element 'children' implicitly has an 'any' type.\nsrc/components/ui/core/FormElement/FormElementSelect.tsx(27,26): error TS7031: Binding element 'children' implicitly has an 'any' type.\nsrc/components/ui/core/FormElement/FormElementTextarea.tsx(31,26): error TS7031: Binding element 'children' implicitly has an 'any' type.\nsrc/components/ui/core/List/OrderedList1.tsx(19,21): error TS7031: Binding element 'count' implicitly has an 'any' type.\nsrc/components/ui/core/List/OrderedList1.tsx(19,28): error TS7031: Binding element 'text' implicitly has an 'any' type.\nsrc/components/ui/core/List/OrderedList2.tsx(19,21): error TS7031: Binding element 'count' implicitly has an 'any' type.\nsrc/components/ui/core/List/OrderedList2.tsx(19,28): error TS7031: Binding element 'text' implicitly has an 'any' type.\nsrc/components/ui/core/List/OrderedList3.tsx(19,21): error TS7031: Binding element 'count' implicitly has an 'any' type.\nsrc/components/ui/core/List/OrderedList3.tsx(19,28): error TS7031: Binding element 'text' implicitly has an 'any' type.\nsrc/components/ui/core/List/UnOrderedList1.tsx(19,21): error TS7031: Binding element 'text' implicitly has an 'any' type.\nsrc/components/ui/core/List/UnOrderedList2.tsx(19,21): error TS7031: Binding element 'text' implicitly has an 'any' type.\nsrc/components/ui/core/List/UnOrderedList3.tsx(19,21): error TS7031: Binding element 'text' implicitly has an 'any' type.\nsrc/components/ui/core/List/UnOrderedList4.tsx(19,21): error TS7031: Binding element 'text' implicitly has an 'any' type.\nsrc/components/ui/core/List/UnOrderedList5.tsx(19,21): error TS7031: Binding element 'text' implicitly has an 'any' type.\nsrc/components/ui/core/List/UnOrderedList6.tsx(19,21): error TS7031: Binding element 'text' implicitly has an 'any' type.\nsrc/components/ui/core/Progress/index.tsx(3,21): error TS7031: Binding element 'ShowValue' implicitly has an 'any' type.\nsrc/components/ui/core/Progress/index.tsx(3,32): error TS7031: Binding element 'ShowValueInside' implicitly has an 'any' type.\nsrc/components/ui/core/Progress/index.tsx(3,49): error TS7031: Binding element 'primary' implicitly has an 'any' type.\nsrc/components/ui/core/Progress/index.tsx(3,58): error TS7031: Binding element 'secondary' implicitly has an 'any' type.\nsrc/components/ui/core/Progress/index.tsx(3,69): error TS7031: Binding element 'warning' implicitly has an 'any' type.\nsrc/components/ui/core/Progress/index.tsx(3,78): error TS7031: Binding element 'danger' implicitly has an 'any' type.\nsrc/components/ui/core/Progress/index.tsx(3,86): error TS7031: Binding element 'success' implicitly has an 'any' type.\nsrc/components/ui/core/Progress/index.tsx(3,95): error TS7031: Binding element 'info' implicitly has an 'any' type.\nsrc/components/ui/core/Progress/Progress.tsx(3,21): error TS7031: Binding element 'ShowValue' implicitly has an 'any' type.\nsrc/components/ui/core/Progress/Progress.tsx(3,32): error TS7031: Binding element 'ShowValueInside' implicitly has an 'any' type.\nsrc/components/ui/core/Progress/Progress.tsx(3,49): error TS7031: Binding element 'primary' implicitly has an 'any' type.\nsrc/components/ui/core/Progress/Progress.tsx(3,58): error TS7031: Binding element 'secondary' implicitly has an 'any' type.\nsrc/components/ui/core/Progress/Progress.tsx(3,69): error TS7031: Binding element 'warning' implicitly has an 'any' type.\nsrc/components/ui/core/Progress/Progress.tsx(3,78): error TS7031: Binding element 'danger' implicitly has an 'any' type.\nsrc/components/ui/core/Progress/Progress.tsx(3,86): error TS7031: Binding element 'success' implicitly has an 'any' type.\nsrc/components/ui/core/Progress/Progress.tsx(3,95): error TS7031: Binding element 'info' implicitly has an 'any' type.\nsrc/components/ui/core/Switch/Checkbox.tsx(4,3): error TS7031: Binding element 'checkboxLabelOne' implicitly has an 'any' type.\nsrc/components/ui/core/Switch/Checkbox.tsx(5,3): error TS7031: Binding element 'checkboxLabelTwo' implicitly has an 'any' type.\nsrc/components/ui/core/Switch/Checkbox.tsx(6,3): error TS7031: Binding element 'checkboxLabelThree' implicitly has an 'any' type.\nsrc/components/ui/core/Switch/Checkbox.tsx(7,3): error TS7031: Binding element 'checkboxLabelFour' implicitly has an 'any' type.\nsrc/components/ui/core/Switch/Checkbox.tsx(8,3): error TS7031: Binding element 'checkboxLabelFive' implicitly has an 'any' type.\nsrc/components/ui/core/Switch/Checkbox.tsx(9,3): error TS7031: Binding element 'text' implicitly has an 'any' type.\nsrc/components/ui/core/Switch/index.tsx(4,3): error TS7031: Binding element 'togglePrimary' implicitly has an 'any' type.\nsrc/components/ui/core/Switch/index.tsx(5,3): error TS7031: Binding element 'toggleSecondary' implicitly has an 'any' type.\nsrc/components/ui/core/Switch/index.tsx(6,3): error TS7031: Binding element 'toggleThree' implicitly has an 'any' type.\nsrc/components/ui/core/Switch/index.tsx(7,3): error TS7031: Binding element 'toggleFour' implicitly has an 'any' type.\nsrc/components/ui/core/Switch/index.tsx(8,3): error TS7031: Binding element 'toggleFive' implicitly has an 'any' type.\nsrc/components/ui/core/Switch/index.tsx(9,3): error TS7031: Binding element 'toggleSix' implicitly has an 'any' type.\nsrc/components/ui/core/Switch/index.tsx(10,3): error TS7031: Binding element 'toggleSeven' implicitly has an 'any' type.\nsrc/components/ui/core/Switch/index.tsx(11,3): error TS7031: Binding element 'toggleEight' implicitly has an 'any' type.\nsrc/components/ui/core/Switch/index.tsx(12,3): error TS7031: Binding element 'toggleNine' implicitly has an 'any' type.\nsrc/components/ui/core/Tab/Tab1.tsx(6,26): error TS7006: Parameter 'tabCategory' implicitly has an 'any' type.\nsrc/components/ui/core/Tab/Tab1.tsx(84,23): error TS7031: Binding element 'open' implicitly has an 'any' type.\nsrc/components/ui/core/Tab/Tab1.tsx(84,29): error TS7031: Binding element 'tabCategory' implicitly has an 'any' type.\nsrc/components/ui/core/Tab/Tab1.tsx(84,42): error TS7031: Binding element 'details' implicitly has an 'any' type.\nsrc/components/ui/core/Tab/Tab10.tsx(6,26): error TS7006: Parameter 'tabCategory' implicitly has an 'any' type.\nsrc/components/ui/core/Tab/Tab10.tsx(122,23): error TS7031: Binding element 'open' implicitly has an 'any' type.\nsrc/components/ui/core/Tab/Tab10.tsx(122,29): error TS7031: Binding element 'tabCategory' implicitly has an 'any' type.\nsrc/components/ui/core/Tab/Tab10.tsx(122,42): error TS7031: Binding element 'details' implicitly has an 'any' type.\nsrc/components/ui/core/Tab/Tab11.tsx(6,26): error TS7006: Parameter 'tabCategory' implicitly has an 'any' type.\nsrc/components/ui/core/Tab/Tab11.tsx(90,23): error TS7031: Binding element 'open' implicitly has an 'any' type.\nsrc/components/ui/core/Tab/Tab11.tsx(90,29): error TS7031: Binding element 'tabCategory' implicitly has an 'any' type.\nsrc/components/ui/core/Tab/Tab11.tsx(90,42): error TS7031: Binding element 'details' implicitly has an 'any' type.\nsrc/components/ui/core/Tab/Tab2.tsx(6,26): error TS7006: Parameter 'tabCategory' implicitly has an 'any' type.\nsrc/components/ui/core/Tab/Tab2.tsx(90,23): error TS7031: Binding element 'open' implicitly has an 'any' type.\nsrc/components/ui/core/Tab/Tab2.tsx(90,29): error TS7031: Binding element 'tabCategory' implicitly has an 'any' type.\nsrc/components/ui/core/Tab/Tab2.tsx(90,42): error TS7031: Binding element 'details' implicitly has an 'any' type.\nsrc/components/ui/core/Tab/Tab3.tsx(6,26): error TS7006: Parameter 'tabCategory' implicitly has an 'any' type.\nsrc/components/ui/core/Tab/Tab3.tsx(123,23): error TS7031: Binding element 'open' implicitly has an 'any' type.\nsrc/components/ui/core/Tab/Tab3.tsx(123,29): error TS7031: Binding element 'tabCategory' implicitly has an 'any' type.\nsrc/components/ui/core/Tab/Tab3.tsx(123,42): error TS7031: Binding element 'details' implicitly has an 'any' type.\nsrc/components/ui/core/Tab/Tab4.tsx(6,26): error TS7006: Parameter 'tabCategory' implicitly has an 'any' type.\nsrc/components/ui/core/Tab/Tab4.tsx(115,23): error TS7031: Binding element 'open' implicitly has an 'any' type.\nsrc/components/ui/core/Tab/Tab4.tsx(115,29): error TS7031: Binding element 'tabCategory' implicitly has an 'any' type.\nsrc/components/ui/core/Tab/Tab4.tsx(115,42): error TS7031: Binding element 'details' implicitly has an 'any' type.\nsrc/components/ui/core/Tab/Tab5.tsx(6,26): error TS7006: Parameter 'tabCategory' implicitly has an 'any' type.\nsrc/components/ui/core/Tab/Tab5.tsx(118,23): error TS7031: Binding element 'open' implicitly has an 'any' type.\nsrc/components/ui/core/Tab/Tab5.tsx(118,29): error TS7031: Binding element 'tabCategory' implicitly has an 'any' type.\nsrc/components/ui/core/Tab/Tab5.tsx(118,42): error TS7031: Binding element 'details' implicitly has an 'any' type.\nsrc/components/ui/core/Tab/Tab6.tsx(6,26): error TS7006: Parameter 'tabCategory' implicitly has an 'any' type.\nsrc/components/ui/core/Tab/Tab6.tsx(110,23): error TS7031: Binding element 'open' implicitly has an 'any' type.\nsrc/components/ui/core/Tab/Tab6.tsx(110,29): error TS7031: Binding element 'tabCategory' implicitly has an 'any' type.\nsrc/components/ui/core/Tab/Tab6.tsx(110,42): error TS7031: Binding element 'details' implicitly has an 'any' type.\nsrc/components/ui/core/Tab/Tab7.tsx(6,26): error TS7006: Parameter 'tabCategory' implicitly has an 'any' type.\nsrc/components/ui/core/Tab/Tab7.tsx(92,23): error TS7031: Binding element 'open' implicitly has an 'any' type.\nsrc/components/ui/core/Tab/Tab7.tsx(92,29): error TS7031: Binding element 'tabCategory' implicitly has an 'any' type.\nsrc/components/ui/core/Tab/Tab7.tsx(92,42): error TS7031: Binding element 'details' implicitly has an 'any' type.\nsrc/components/ui/core/Tab/Tab8.tsx(6,26): error TS7006: Parameter 'tabCategory' implicitly has an 'any' type.\nsrc/components/ui/core/Tab/Tab8.tsx(92,23): error TS7031: Binding element 'open' implicitly has an 'any' type.\nsrc/components/ui/core/Tab/Tab8.tsx(92,29): error TS7031: Binding element 'tabCategory' implicitly has an 'any' type.\nsrc/components/ui/core/Tab/Tab8.tsx(92,42): error TS7031: Binding element 'details' implicitly has an 'any' type.\nsrc/components/ui/core/Tab/Tab9.tsx(6,26): error TS7006: Parameter 'tabCategory' implicitly has an 'any' type.\nsrc/components/ui/core/Tab/Tab9.tsx(92,23): error TS7031: Binding element 'open' implicitly has an 'any' type.\nsrc/components/ui/core/Tab/Tab9.tsx(92,29): error TS7031: Binding element 'tabCategory' implicitly has an 'any' type.\nsrc/components/ui/core/Tab/Tab9.tsx(92,42): error TS7031: Binding element 'details' implicitly has an 'any' type.\nsrc/components/ui/core/Tooltip/index.tsx(4,3): error TS7031: Binding element 'children' implicitly has an 'any' type.\nsrc/components/ui/core/Tooltip/index.tsx(5,3): error TS7031: Binding element 'tooltipsText' implicitly has an 'any' type.\nsrc/components/ui/core/Tooltip/index.tsx(6,3): error TS7031: Binding element 'primary' implicitly has an 'any' type.\nsrc/components/ui/core/Tooltip/index.tsx(7,3): error TS7031: Binding element 'secondary' implicitly has an 'any' type.\nsrc/components/ui/core/Tooltip/index.tsx(8,3): error TS7031: Binding element 'gray' implicitly has an 'any' type.\nsrc/components/ui/core/Tooltip/index.tsx(9,3): error TS7031: Binding element 'dark' implicitly has an 'any' type.\nsrc/components/ui/core/Tooltip/index.tsx(10,3): error TS7031: Binding element 'warning' implicitly has an 'any' type.\nsrc/components/ui/core/Tooltip/index.tsx(11,3): error TS7031: Binding element 'danger' implicitly has an 'any' type.\nsrc/components/ui/core/Tooltip/index.tsx(12,3): error TS7031: Binding element 'success' implicitly has an 'any' type.\nsrc/components/ui/core/Tooltip/index.tsx(13,3): error TS7031: Binding element 'info' implicitly has an 'any' type.\nsrc/components/ui/core/Tooltip/Tooltip1.tsx(29,24): error TS7031: Binding element 'children' implicitly has an 'any' type.\nsrc/components/ui/core/Tooltip/Tooltip1.tsx(29,34): error TS7031: Binding element 'tooltipsText' implicitly has an 'any' type.\nsrc/components/ui/core/Tooltip/Tooltip1.tsx(29,48): error TS7031: Binding element 'position' implicitly has an 'any' type.\nsrc/components/ui/core/Tooltip/Tooltip2.tsx(29,24): error TS7031: Binding element 'children' implicitly has an 'any' type.\nsrc/components/ui/core/Tooltip/Tooltip2.tsx(29,34): error TS7031: Binding element 'tooltipsText' implicitly has an 'any' type.\nsrc/components/ui/core/Tooltip/Tooltip2.tsx(29,48): error TS7031: Binding element 'position' implicitly has an 'any' type.\nsrc/components/ui/core/Tooltip/Tooltip3.tsx(29,24): error TS7031: Binding element 'children' implicitly has an 'any' type.\nsrc/components/ui/core/Tooltip/Tooltip3.tsx(29,34): error TS7031: Binding element 'tooltipsText' implicitly has an 'any' type.\nsrc/components/ui/core/Tooltip/Tooltip3.tsx(29,48): error TS7031: Binding element 'position' implicitly has an 'any' type.\nsrc/components/ui/dashboard/Calendar/Calendar1.tsx(107,20): error TS7031: Binding element 'children' implicitly has an 'any' type.\nsrc/components/ui/dashboard/Calendar/Calendar1.tsx(114,17): error TS7031: Binding element 'name' implicitly has an 'any' type.\nsrc/components/ui/dashboard/Calendar/Calendar1.tsx(118,19): error TS7031: Binding element 'children' implicitly has an 'any' type.\nsrc/components/ui/dashboard/Calendar/Calendar1.tsx(121,16): error TS7031: Binding element 'active' implicitly has an 'any' type.\nsrc/components/ui/dashboard/Calendar/Calendar1.tsx(121,24): error TS7031: Binding element 'number' implicitly has an 'any' type.\nsrc/components/ui/dashboard/Calendar/Calendar1.tsx(121,32): error TS7031: Binding element 'otherMonth' implicitly has an 'any' type.\nsrc/components/ui/dashboard/Calendar/Calendar2.tsx(107,20): error TS7031: Binding element 'children' implicitly has an 'any' type.\nsrc/components/ui/dashboard/Calendar/Calendar2.tsx(114,17): error TS7031: Binding element 'name' implicitly has an 'any' type.\nsrc/components/ui/dashboard/Calendar/Calendar2.tsx(125,19): error TS7031: Binding element 'children' implicitly has an 'any' type.\nsrc/components/ui/dashboard/Calendar/Calendar2.tsx(129,16): error TS7031: Binding element 'active' implicitly has an 'any' type.\nsrc/components/ui/dashboard/Calendar/Calendar2.tsx(129,24): error TS7031: Binding element 'number' implicitly has an 'any' type.\nsrc/components/ui/dashboard/Calendar/Calendar2.tsx(129,32): error TS7031: Binding element 'eventTitle' implicitly has an 'any' type.\nsrc/components/ui/dashboard/Calendar/Calendar2.tsx(129,44): error TS7031: Binding element 'eventDate' implicitly has an 'any' type.\nsrc/components/ui/dashboard/Calendar/Calendar3.tsx(203,20): error TS7031: Binding element 'children' implicitly has an 'any' type.\nsrc/components/ui/dashboard/Calendar/Calendar3.tsx(210,17): error TS7031: Binding element 'name' implicitly has an 'any' type.\nsrc/components/ui/dashboard/Calendar/Calendar3.tsx(214,19): error TS7031: Binding element 'children' implicitly has an 'any' type.\nsrc/components/ui/dashboard/Calendar/Calendar3.tsx(217,16): error TS7031: Binding element 'active' implicitly has an 'any' type.\nsrc/components/ui/dashboard/Calendar/Calendar3.tsx(217,24): error TS7031: Binding element 'number' implicitly has an 'any' type.\nsrc/components/ui/dashboard/Calendar/Calendar4.tsx(109,20): error TS7031: Binding element 'children' implicitly has an 'any' type.\nsrc/components/ui/dashboard/Calendar/Calendar4.tsx(116,17): error TS7031: Binding element 'name' implicitly has an 'any' type.\nsrc/components/ui/dashboard/Calendar/Calendar4.tsx(120,19): error TS7031: Binding element 'children' implicitly has an 'any' type.\nsrc/components/ui/dashboard/Calendar/Calendar4.tsx(123,16): error TS7031: Binding element 'active' implicitly has an 'any' type.\nsrc/components/ui/dashboard/Calendar/Calendar4.tsx(123,24): error TS7031: Binding element 'number' implicitly has an 'any' type.\nsrc/components/ui/dashboard/Chart/Chart10.tsx(92,26): error TS7031: Binding element 'title' implicitly has an 'any' type.\nsrc/components/ui/dashboard/Chart/Chart10.tsx(92,33): error TS7031: Binding element 'percent' implicitly has an 'any' type.\nsrc/components/ui/dashboard/Chart/Chart10.tsx(92,42): error TS7031: Binding element 'color' implicitly has an 'any' type.\nsrc/components/ui/dashboard/Chart/Chart2.tsx(81,30): error TS7006: Parameter 'val' implicitly has an 'any' type.\nsrc/components/ui/dashboard/Chart/Chart3.tsx(108,30): error TS7006: Parameter 'val' implicitly has an 'any' type.\nsrc/components/ui/dashboard/Chart/Chart5.tsx(76,30): error TS7006: Parameter 'val' implicitly has an 'any' type.\nsrc/components/ui/dashboard/Chart/Chart9.tsx(123,29): error TS7031: Binding element 'target' implicitly has an 'any' type.\nsrc/components/ui/dashboard/Chart/Chart9.tsx(125,45): error TS2339: Property 'contains' does not exist on type 'never'.\nsrc/components/ui/dashboard/Chart/Chart9.tsx(125,65): error TS18047: 'trigger.current' is possibly 'null'.\nsrc/components/ui/dashboard/Chart/Chart9.tsx(134,27): error TS7031: Binding element 'keyCode' implicitly has an 'any' type.\nsrc/components/ui/dashboard/ChatBox/ChatBox1.tsx(102,17): error TS7031: Binding element 'name' implicitly has an 'any' type.\nsrc/components/ui/dashboard/ChatBox/ChatBox1.tsx(102,23): error TS7031: Binding element 'time' implicitly has an 'any' type.\nsrc/components/ui/dashboard/ChatBox/ChatBox1.tsx(102,29): error TS7031: Binding element 'text' implicitly has an 'any' type.\nsrc/components/ui/dashboard/ChatBox/ChatBox1.tsx(113,18): error TS7031: Binding element 'time' implicitly has an 'any' type.\nsrc/components/ui/dashboard/ChatBox/ChatBox1.tsx(113,24): error TS7031: Binding element 'text' implicitly has an 'any' type.\nsrc/components/ui/dashboard/ChatBox/ChatBox1.tsx(132,29): error TS7031: Binding element 'target' implicitly has an 'any' type.\nsrc/components/ui/dashboard/ChatBox/ChatBox1.tsx(134,45): error TS2339: Property 'contains' does not exist on type 'never'.\nsrc/components/ui/dashboard/ChatBox/ChatBox1.tsx(134,65): error TS18047: 'trigger.current' is possibly 'null'.\nsrc/components/ui/dashboard/ChatBox/ChatBox1.tsx(143,27): error TS7031: Binding element 'keyCode' implicitly has an 'any' type.\nsrc/components/ui/dashboard/ChatBox/ChatBox2.tsx(132,17): error TS7031: Binding element 'img' implicitly has an 'any' type.\nsrc/components/ui/dashboard/ChatBox/ChatBox2.tsx(132,22): error TS7031: Binding element 'time' implicitly has an 'any' type.\nsrc/components/ui/dashboard/ChatBox/ChatBox2.tsx(132,28): error TS7031: Binding element 'text' implicitly has an 'any' type.\nsrc/components/ui/dashboard/ChatBox/ChatBox2.tsx(132,34): error TS7031: Binding element 'activePartner' implicitly has an 'any' type.\nsrc/components/ui/dashboard/ChatBox/ChatBox2.tsx(154,18): error TS7031: Binding element 'img' implicitly has an 'any' type.\nsrc/components/ui/dashboard/ChatBox/ChatBox2.tsx(154,23): error TS7031: Binding element 'time' implicitly has an 'any' type.\nsrc/components/ui/dashboard/ChatBox/ChatBox2.tsx(154,29): error TS7031: Binding element 'text' implicitly has an 'any' type.\nsrc/components/ui/dashboard/ChatBox/ChatBox2.tsx(154,35): error TS7031: Binding element 'active' implicitly has an 'any' type.\nsrc/components/ui/dashboard/ChatBox/ChatBox3.tsx(136,17): error TS7031: Binding element 'img' implicitly has an 'any' type.\nsrc/components/ui/dashboard/ChatBox/ChatBox3.tsx(136,22): error TS7031: Binding element 'name' implicitly has an 'any' type.\nsrc/components/ui/dashboard/ChatBox/ChatBox3.tsx(136,28): error TS7031: Binding element 'time' implicitly has an 'any' type.\nsrc/components/ui/dashboard/ChatBox/ChatBox3.tsx(136,34): error TS7031: Binding element 'text' implicitly has an 'any' type.\nsrc/components/ui/dashboard/ChatBox/ChatBox3.tsx(136,40): error TS7031: Binding element 'audio' implicitly has an 'any' type.\nsrc/components/ui/dashboard/ChatBox/ChatBox3.tsx(136,47): error TS7031: Binding element 'pictures' implicitly has an 'any' type.\nsrc/components/ui/dashboard/ChatBox/ChatBox3.tsx(162,28): error TS7006: Parameter 'picture' implicitly has an 'any' type.\nsrc/components/ui/dashboard/ChatBox/ChatBox3.tsx(162,37): error TS7006: Parameter 'index' implicitly has an 'any' type.\nsrc/components/ui/dashboard/ChatBox/ChatBox3.tsx(179,18): error TS7031: Binding element 'name' implicitly has an 'any' type.\nsrc/components/ui/dashboard/ChatBox/ChatBox3.tsx(179,24): error TS7031: Binding element 'img' implicitly has an 'any' type.\nsrc/components/ui/dashboard/ChatBox/ChatBox3.tsx(179,29): error TS7031: Binding element 'time' implicitly has an 'any' type.\nsrc/components/ui/dashboard/ChatBox/ChatBox3.tsx(179,35): error TS7031: Binding element 'text' implicitly has an 'any' type.\nsrc/components/ui/dashboard/ChatBox/ChatBox4.tsx(110,17): error TS7031: Binding element 'width' implicitly has an 'any' type.\nsrc/components/ui/dashboard/ChatBox/ChatBox4.tsx(110,24): error TS7031: Binding element 'time' implicitly has an 'any' type.\nsrc/components/ui/dashboard/ChatBox/ChatBox4.tsx(110,30): error TS7031: Binding element 'text' implicitly has an 'any' type.\nsrc/components/ui/dashboard/ChatBox/ChatBox4.tsx(128,18): error TS7031: Binding element 'width' implicitly has an 'any' type.\nsrc/components/ui/dashboard/ChatBox/ChatBox4.tsx(128,25): error TS7031: Binding element 'seen' implicitly has an 'any' type.\nsrc/components/ui/dashboard/ChatBox/ChatBox4.tsx(128,31): error TS7031: Binding element 'time' implicitly has an 'any' type.\nsrc/components/ui/dashboard/ChatBox/ChatBox4.tsx(128,37): error TS7031: Binding element 'text' implicitly has an 'any' type.\nsrc/components/ui/dashboard/ChatBox/ChatBox4.tsx(179,29): error TS7031: Binding element 'target' implicitly has an 'any' type.\nsrc/components/ui/dashboard/ChatBox/ChatBox4.tsx(181,45): error TS2339: Property 'contains' does not exist on type 'never'.\nsrc/components/ui/dashboard/ChatBox/ChatBox4.tsx(181,65): error TS18047: 'trigger.current' is possibly 'null'.\nsrc/components/ui/dashboard/ChatBox/ChatBox4.tsx(190,27): error TS7031: Binding element 'keyCode' implicitly has an 'any' type.\nsrc/components/ui/dashboard/ChatList/ChatList1.tsx(73,21): error TS7031: Binding element 'img' implicitly has an 'any' type.\nsrc/components/ui/dashboard/ChatList/ChatList1.tsx(73,26): error TS7031: Binding element 'name' implicitly has an 'any' type.\nsrc/components/ui/dashboard/ChatList/ChatList1.tsx(73,32): error TS7031: Binding element 'text' implicitly has an 'any' type.\nsrc/components/ui/dashboard/ChatList/ChatList1.tsx(73,38): error TS7031: Binding element 'active' implicitly has an 'any' type.\nsrc/components/ui/dashboard/ChatList/ChatList2.tsx(82,29): error TS7031: Binding element 'target' implicitly has an 'any' type.\nsrc/components/ui/dashboard/ChatList/ChatList2.tsx(84,45): error TS2339: Property 'contains' does not exist on type 'never'.\nsrc/components/ui/dashboard/ChatList/ChatList2.tsx(84,65): error TS18047: 'trigger.current' is possibly 'null'.\nsrc/components/ui/dashboard/ChatList/ChatList2.tsx(93,27): error TS7031: Binding element 'keyCode' implicitly has an 'any' type.\nsrc/components/ui/dashboard/ChatList/ChatList2.tsx(136,21): error TS7031: Binding element 'img' implicitly has an 'any' type.\nsrc/components/ui/dashboard/ChatList/ChatList2.tsx(136,26): error TS7031: Binding element 'name' implicitly has an 'any' type.\nsrc/components/ui/dashboard/ChatList/ChatList2.tsx(136,32): error TS7031: Binding element 'text' implicitly has an 'any' type.\nsrc/components/ui/dashboard/ChatList/ChatList2.tsx(136,38): error TS7031: Binding element 'time' implicitly has an 'any' type.\nsrc/components/ui/dashboard/ChatList/ChatList2.tsx(136,44): error TS7031: Binding element 'active' implicitly has an 'any' type.\nsrc/components/ui/dashboard/ChatList/ChatList2.tsx(136,52): error TS7031: Binding element 'number' implicitly has an 'any' type.\nsrc/components/ui/dashboard/ChatList/ChatList3.tsx(81,21): error TS7031: Binding element 'img' implicitly has an 'any' type.\nsrc/components/ui/dashboard/ChatList/ChatList3.tsx(81,26): error TS7031: Binding element 'name' implicitly has an 'any' type.\nsrc/components/ui/dashboard/ChatList/ChatList3.tsx(81,32): error TS7031: Binding element 'text' implicitly has an 'any' type.\nsrc/components/ui/dashboard/ChatList/ChatList3.tsx(81,38): error TS7031: Binding element 'time' implicitly has an 'any' type.\nsrc/components/ui/dashboard/ChatList/ChatList3.tsx(81,44): error TS7031: Binding element 'active' implicitly has an 'any' type.\nsrc/components/ui/dashboard/ChatList/ChatList3.tsx(81,52): error TS7031: Binding element 'number' implicitly has an 'any' type.\nsrc/components/ui/dashboard/DashboardDropdown/DashboardDropdown1.tsx(11,29): error TS7031: Binding element 'target' implicitly has an 'any' type.\nsrc/components/ui/dashboard/DashboardDropdown/DashboardDropdown1.tsx(13,45): error TS2339: Property 'contains' does not exist on type 'never'.\nsrc/components/ui/dashboard/DashboardDropdown/DashboardDropdown1.tsx(13,65): error TS18047: 'trigger.current' is possibly 'null'.\nsrc/components/ui/dashboard/DashboardDropdown/DashboardDropdown1.tsx(22,27): error TS7031: Binding element 'keyCode' implicitly has an 'any' type.\nsrc/components/ui/dashboard/DashboardDropdown/DashboardDropdown1.tsx(108,25): error TS7031: Binding element 'link' implicitly has an 'any' type.\nsrc/components/ui/dashboard/DashboardDropdown/DashboardDropdown1.tsx(108,31): error TS7031: Binding element 'profile' implicitly has an 'any' type.\nsrc/components/ui/dashboard/DashboardDropdown/DashboardDropdown1.tsx(108,40): error TS7031: Binding element 'contact' implicitly has an 'any' type.\nsrc/components/ui/dashboard/DashboardDropdown/DashboardDropdown1.tsx(108,49): error TS7031: Binding element 'settings' implicitly has an 'any' type.\nsrc/components/ui/dashboard/DashboardDropdown/DashboardDropdown1.tsx(108,59): error TS7031: Binding element 'logout' implicitly has an 'any' type.\nsrc/components/ui/dashboard/DashboardDropdown/DashboardDropdown1.tsx(108,67): error TS7031: Binding element 'children' implicitly has an 'any' type.\nsrc/components/ui/dashboard/DashboardDropdown/DashboardDropdown2.tsx(11,29): error TS7031: Binding element 'target' implicitly has an 'any' type.\nsrc/components/ui/dashboard/DashboardDropdown/DashboardDropdown2.tsx(13,45): error TS2339: Property 'contains' does not exist on type 'never'.\nsrc/components/ui/dashboard/DashboardDropdown/DashboardDropdown2.tsx(13,65): error TS18047: 'trigger.current' is possibly 'null'.\nsrc/components/ui/dashboard/DashboardDropdown/DashboardDropdown2.tsx(22,27): error TS7031: Binding element 'keyCode' implicitly has an 'any' type.\nsrc/components/ui/dashboard/DashboardDropdown/DashboardDropdown2.tsx(153,25): error TS7031: Binding element 'link' implicitly has an 'any' type.\nsrc/components/ui/dashboard/DashboardDropdown/DashboardDropdown2.tsx(153,31): error TS7031: Binding element 'img' implicitly has an 'any' type.\nsrc/components/ui/dashboard/DashboardDropdown/DashboardDropdown2.tsx(153,36): error TS7031: Binding element 'name' implicitly has an 'any' type.\nsrc/components/ui/dashboard/DashboardDropdown/DashboardDropdown2.tsx(153,42): error TS7031: Binding element 'text' implicitly has an 'any' type.\nsrc/components/ui/dashboard/DashboardDropdown/DashboardDropdown2.tsx(153,48): error TS7031: Binding element 'children' implicitly has an 'any' type.\nsrc/components/ui/dashboard/DashboardDropdown/DashboardDropdown2.tsx(153,58): error TS7031: Binding element 'totalMsg' implicitly has an 'any' type.\nsrc/components/ui/dashboard/DashboardDropdown/DashboardDropdown2.tsx(153,68): error TS7031: Binding element 'time' implicitly has an 'any' type.\nsrc/components/ui/dashboard/DashboardDropdown/DashboardDropdown2.tsx(153,74): error TS7031: Binding element 'addedName' implicitly has an 'any' type.\nsrc/components/ui/dashboard/DashboardDropdown/DashboardDropdown2.tsx(175,26): error TS7031: Binding element 'children' implicitly has an 'any' type.\nsrc/components/ui/dashboard/DashboardDropdown/DashboardDropdown2.tsx(183,29): error TS7031: Binding element 'target' implicitly has an 'any' type.\nsrc/components/ui/dashboard/DashboardDropdown/DashboardDropdown2.tsx(185,45): error TS2339: Property 'contains' does not exist on type 'never'.\nsrc/components/ui/dashboard/DashboardDropdown/DashboardDropdown2.tsx(185,65): error TS18047: 'trigger.current' is possibly 'null'.\nsrc/components/ui/dashboard/DashboardDropdown/DashboardDropdown2.tsx(194,27): error TS7031: Binding element 'keyCode' implicitly has an 'any' type.\nsrc/components/ui/dashboard/DashboardDropdown/DashboardDropdown2.tsx(252,22): error TS7031: Binding element 'children' implicitly has an 'any' type.\nsrc/components/ui/dashboard/DashboardDropdown/DashboardDropdown3.tsx(11,29): error TS7031: Binding element 'target' implicitly has an 'any' type.\nsrc/components/ui/dashboard/DashboardDropdown/DashboardDropdown3.tsx(13,45): error TS2339: Property 'contains' does not exist on type 'never'.\nsrc/components/ui/dashboard/DashboardDropdown/DashboardDropdown3.tsx(13,65): error TS18047: 'trigger.current' is possibly 'null'.\nsrc/components/ui/dashboard/DashboardDropdown/DashboardDropdown3.tsx(22,27): error TS7031: Binding element 'keyCode' implicitly has an 'any' type.\nsrc/components/ui/dashboard/DashboardDropdown/DashboardDropdown3.tsx(149,25): error TS7031: Binding element 'link' implicitly has an 'any' type.\nsrc/components/ui/dashboard/DashboardDropdown/DashboardDropdown3.tsx(149,31): error TS7031: Binding element 'img' implicitly has an 'any' type.\nsrc/components/ui/dashboard/DashboardDropdown/DashboardDropdown3.tsx(149,36): error TS7031: Binding element 'name' implicitly has an 'any' type.\nsrc/components/ui/dashboard/DashboardDropdown/DashboardDropdown3.tsx(149,42): error TS7031: Binding element 'text' implicitly has an 'any' type.\nsrc/components/ui/dashboard/DashboardDropdown/DashboardDropdown3.tsx(149,48): error TS7031: Binding element 'children' implicitly has an 'any' type.\nsrc/components/ui/dashboard/DashboardDropdown/DashboardDropdown3.tsx(149,58): error TS7031: Binding element 'totalMsg' implicitly has an 'any' type.\nsrc/components/ui/dashboard/DashboardDropdown/DashboardDropdown3.tsx(149,68): error TS7031: Binding element 'active' implicitly has an 'any' type.\nsrc/components/ui/dashboard/DashboardDropdown/DashboardDropdown3.tsx(178,26): error TS7031: Binding element 'children' implicitly has an 'any' type.\nsrc/components/ui/dashboard/DashboardDropdown/DashboardDropdown3.tsx(186,29): error TS7031: Binding element 'target' implicitly has an 'any' type.\nsrc/components/ui/dashboard/DashboardDropdown/DashboardDropdown3.tsx(188,45): error TS2339: Property 'contains' does not exist on type 'never'.\nsrc/components/ui/dashboard/DashboardDropdown/DashboardDropdown3.tsx(188,65): error TS18047: 'trigger.current' is possibly 'null'.\nsrc/components/ui/dashboard/DashboardDropdown/DashboardDropdown3.tsx(197,27): error TS7031: Binding element 'keyCode' implicitly has an 'any' type.\nsrc/components/ui/dashboard/DashboardDropdown/DashboardDropdown3.tsx(255,22): error TS7031: Binding element 'children' implicitly has an 'any' type.\nsrc/components/ui/dashboard/DataStats/DataStats1.tsx(96,26): error TS7031: Binding element 'icon' implicitly has an 'any' type.\nsrc/components/ui/dashboard/DataStats/DataStats1.tsx(96,32): error TS7031: Binding element 'color' implicitly has an 'any' type.\nsrc/components/ui/dashboard/DataStats/DataStats1.tsx(96,39): error TS7031: Binding element 'title' implicitly has an 'any' type.\nsrc/components/ui/dashboard/DataStats/DataStats1.tsx(96,46): error TS7031: Binding element 'subtitle' implicitly has an 'any' type.\nsrc/components/ui/dashboard/DataStats/DataStats1.tsx(96,56): error TS7031: Binding element 'percent' implicitly has an 'any' type.\nsrc/components/ui/dashboard/DataStats/DataStats1.tsx(96,65): error TS7031: Binding element 'uses' implicitly has an 'any' type.\nsrc/components/ui/dashboard/DataStats/DataStats1.tsx(96,71): error TS7031: Binding element 'increment' implicitly has an 'any' type.\nsrc/components/ui/dashboard/DataStats/DataStats1.tsx(96,82): error TS7031: Binding element 'decrement' implicitly has an 'any' type.\nsrc/components/ui/dashboard/DataStats/DataStats10.tsx(60,26): error TS7031: Binding element 'icon' implicitly has an 'any' type.\nsrc/components/ui/dashboard/DataStats/DataStats10.tsx(60,32): error TS7031: Binding element 'color' implicitly has an 'any' type.\nsrc/components/ui/dashboard/DataStats/DataStats10.tsx(60,39): error TS7031: Binding element 'name' implicitly has an 'any' type.\nsrc/components/ui/dashboard/DataStats/DataStats10.tsx(60,45): error TS7031: Binding element 'size' implicitly has an 'any' type.\nsrc/components/ui/dashboard/DataStats/DataStats10.tsx(60,51): error TS7031: Binding element 'progress' implicitly has an 'any' type.\nsrc/components/ui/dashboard/DataStats/DataStats2.tsx(115,26): error TS7031: Binding element 'children' implicitly has an 'any' type.\nsrc/components/ui/dashboard/DataStats/DataStats2.tsx(115,36): error TS7031: Binding element 'name' implicitly has an 'any' type.\nsrc/components/ui/dashboard/DataStats/DataStats2.tsx(115,42): error TS7031: Binding element 'rate' implicitly has an 'any' type.\nsrc/components/ui/dashboard/DataStats/DataStats2.tsx(115,48): error TS7031: Binding element 'usdRate' implicitly has an 'any' type.\nsrc/components/ui/dashboard/DataStats/DataStats2.tsx(115,57): error TS7031: Binding element 'decrement' implicitly has an 'any' type.\nsrc/components/ui/dashboard/DataStats/DataStats2.tsx(115,68): error TS7031: Binding element 'increment' implicitly has an 'any' type.\nsrc/components/ui/dashboard/DataStats/DataStats2.tsx(115,79): error TS7031: Binding element 'color' implicitly has an 'any' type.\nsrc/components/ui/dashboard/DataStats/DataStats2.tsx(115,86): error TS7031: Binding element 'icon' implicitly has an 'any' type.\nsrc/components/ui/dashboard/DataStats/DataStats2.tsx(175,29): error TS7031: Binding element 'target' implicitly has an 'any' type.\nsrc/components/ui/dashboard/DataStats/DataStats2.tsx(177,45): error TS2339: Property 'contains' does not exist on type 'never'.\nsrc/components/ui/dashboard/DataStats/DataStats2.tsx(177,65): error TS18047: 'trigger.current' is possibly 'null'.\nsrc/components/ui/dashboard/DataStats/DataStats2.tsx(186,27): error TS7031: Binding element 'keyCode' implicitly has an 'any' type.\nsrc/components/ui/dashboard/DataStats/DataStats2.tsx(229,16): error TS7006: Parameter 'props' implicitly has an 'any' type.\nsrc/components/ui/dashboard/DataStats/DataStats3.tsx(76,26): error TS7031: Binding element 'icon' implicitly has an 'any' type.\nsrc/components/ui/dashboard/DataStats/DataStats3.tsx(76,32): error TS7031: Binding element 'totalTitle' implicitly has an 'any' type.\nsrc/components/ui/dashboard/DataStats/DataStats3.tsx(76,44): error TS7031: Binding element 'total' implicitly has an 'any' type.\nsrc/components/ui/dashboard/DataStats/DataStats3.tsx(76,51): error TS7031: Binding element 'increment' implicitly has an 'any' type.\nsrc/components/ui/dashboard/DataStats/DataStats3.tsx(76,62): error TS7031: Binding element 'decrement' implicitly has an 'any' type.\nsrc/components/ui/dashboard/DataStats/DataStats4.tsx(88,26): error TS7031: Binding element 'icon' implicitly has an 'any' type.\nsrc/components/ui/dashboard/DataStats/DataStats4.tsx(88,32): error TS7031: Binding element 'color' implicitly has an 'any' type.\nsrc/components/ui/dashboard/DataStats/DataStats4.tsx(88,39): error TS7031: Binding element 'name' implicitly has an 'any' type.\nsrc/components/ui/dashboard/DataStats/DataStats4.tsx(88,45): error TS7031: Binding element 'number' implicitly has an 'any' type.\nsrc/components/ui/dashboard/DataStats/DataStats4.tsx(88,53): error TS7031: Binding element 'size' implicitly has an 'any' type.\nsrc/components/ui/dashboard/DataStats/DataStats4.tsx(88,59): error TS7031: Binding element 'classNames' implicitly has an 'any' type.\nsrc/components/ui/dashboard/DataStats/DataStats5.tsx(62,26): error TS7031: Binding element 'icon' implicitly has an 'any' type.\nsrc/components/ui/dashboard/DataStats/DataStats5.tsx(62,32): error TS7031: Binding element 'name' implicitly has an 'any' type.\nsrc/components/ui/dashboard/DataStats/DataStats5.tsx(62,38): error TS7031: Binding element 'number' implicitly has an 'any' type.\nsrc/components/ui/dashboard/DataStats/DataStats5.tsx(89,29): error TS7031: Binding element 'target' implicitly has an 'any' type.\nsrc/components/ui/dashboard/DataStats/DataStats5.tsx(91,45): error TS2339: Property 'contains' does not exist on type 'never'.\nsrc/components/ui/dashboard/DataStats/DataStats5.tsx(91,65): error TS18047: 'trigger.current' is possibly 'null'.\nsrc/components/ui/dashboard/DataStats/DataStats5.tsx(100,27): error TS7031: Binding element 'keyCode' implicitly has an 'any' type.\nsrc/components/ui/dashboard/DataStats/DataStats6.tsx(89,26): error TS7031: Binding element 'children' implicitly has an 'any' type.\nsrc/components/ui/dashboard/DataStats/DataStats6.tsx(89,36): error TS7031: Binding element 'name' implicitly has an 'any' type.\nsrc/components/ui/dashboard/DataStats/DataStats6.tsx(89,42): error TS7031: Binding element 'number' implicitly has an 'any' type.\nsrc/components/ui/dashboard/DataStats/DataStats6.tsx(89,50): error TS7031: Binding element 'icon' implicitly has an 'any' type.\nsrc/components/ui/dashboard/DataStats/DataStats6.tsx(106,16): error TS7006: Parameter 'props' implicitly has an 'any' type.\nsrc/components/ui/dashboard/DataStats/DataStats7.tsx(75,26): error TS7031: Binding element 'children' implicitly has an 'any' type.\nsrc/components/ui/dashboard/DataStats/DataStats7.tsx(75,36): error TS7031: Binding element 'name' implicitly has an 'any' type.\nsrc/components/ui/dashboard/DataStats/DataStats7.tsx(75,42): error TS7031: Binding element 'number' implicitly has an 'any' type.\nsrc/components/ui/dashboard/DataStats/DataStats7.tsx(75,50): error TS7031: Binding element 'icon' implicitly has an 'any' type.\nsrc/components/ui/dashboard/DataStats/DataStats7.tsx(94,16): error TS7006: Parameter 'props' implicitly has an 'any' type.\nsrc/components/ui/dashboard/DataStats/DataStats8.tsx(22,26): error TS7031: Binding element 'totalTitle' implicitly has an 'any' type.\nsrc/components/ui/dashboard/DataStats/DataStats8.tsx(22,38): error TS7031: Binding element 'total' implicitly has an 'any' type.\nsrc/components/ui/dashboard/DataStats/DataStats8.tsx(22,45): error TS7031: Binding element 'increment' implicitly has an 'any' type.\nsrc/components/ui/dashboard/DataStats/DataStats8.tsx(22,56): error TS7031: Binding element 'decrement' implicitly has an 'any' type.\nsrc/components/ui/dashboard/DataStats/DataStats9.tsx(84,26): error TS7031: Binding element 'icon' implicitly has an 'any' type.\nsrc/components/ui/dashboard/DataStats/DataStats9.tsx(84,32): error TS7031: Binding element 'color' implicitly has an 'any' type.\nsrc/components/ui/dashboard/DataStats/DataStats9.tsx(84,39): error TS7031: Binding element 'name' implicitly has an 'any' type.\nsrc/components/ui/dashboard/DataStats/DataStats9.tsx(84,45): error TS7031: Binding element 'number' implicitly has an 'any' type.\nsrc/components/ui/dashboard/Drawer/Drawer1.tsx(149,23): error TS7031: Binding element 'link' implicitly has an 'any' type.\nsrc/components/ui/dashboard/Drawer/Drawer1.tsx(149,29): error TS7031: Binding element 'name' implicitly has an 'any' type.\nsrc/components/ui/dashboard/Drawer/Drawer2.tsx(65,21): error TS7031: Binding element 'img' implicitly has an 'any' type.\nsrc/components/ui/dashboard/Drawer/Drawer2.tsx(65,26): error TS7031: Binding element 'link' implicitly has an 'any' type.\nsrc/components/ui/dashboard/Drawer/Drawer2.tsx(65,32): error TS7031: Binding element 'name' implicitly has an 'any' type.\nsrc/components/ui/dashboard/Drawer/Drawer2.tsx(65,38): error TS7031: Binding element 'color' implicitly has an 'any' type.\nsrc/components/ui/dashboard/Drawer/Drawer2.tsx(65,45): error TS7031: Binding element 'price' implicitly has an 'any' type.\nsrc/components/ui/dashboard/Dropdown/Dropdown1.tsx(4,24): error TS7006: Parameter 'handler' implicitly has an 'any' type.\nsrc/components/ui/dashboard/Dropdown/Dropdown1.tsx(8,25): error TS7006: Parameter 'event' implicitly has an 'any' type.\nsrc/components/ui/dashboard/Dropdown/Dropdown1.tsx(39,18): error TS2322: Type 'MutableRefObject<undefined>' is not assignable to type 'LegacyRef<HTMLDivElement> | undefined'.\n  Type 'MutableRefObject<undefined>' is not assignable to type 'RefObject<HTMLDivElement>'.\n    Types of property 'current' are incompatible.\n      Type 'undefined' is not assignable to type 'HTMLDivElement | null'.\nsrc/components/ui/dashboard/Dropdown/Dropdown1.tsx(84,25): error TS7031: Binding element 'label' implicitly has an 'any' type.\nsrc/components/ui/dashboard/Dropdown/Dropdown1.tsx(84,32): error TS7031: Binding element 'href' implicitly has an 'any' type.\nsrc/components/ui/dashboard/Dropdown/Dropdown2.tsx(4,24): error TS7006: Parameter 'handler' implicitly has an 'any' type.\nsrc/components/ui/dashboard/Dropdown/Dropdown2.tsx(8,25): error TS7006: Parameter 'event' implicitly has an 'any' type.\nsrc/components/ui/dashboard/Dropdown/Dropdown2.tsx(39,18): error TS2322: Type 'MutableRefObject<undefined>' is not assignable to type 'LegacyRef<HTMLDivElement> | undefined'.\n  Type 'MutableRefObject<undefined>' is not assignable to type 'RefObject<HTMLDivElement>'.\n    Types of property 'current' are incompatible.\n      Type 'undefined' is not assignable to type 'HTMLDivElement | null'.\nsrc/components/ui/dashboard/Dropdown/Dropdown2.tsx(84,25): error TS7031: Binding element 'label' implicitly has an 'any' type.\nsrc/components/ui/dashboard/Dropdown/Dropdown2.tsx(84,32): error TS7031: Binding element 'href' implicitly has an 'any' type.\nsrc/components/ui/dashboard/Dropdown/Dropdown3.tsx(4,24): error TS7006: Parameter 'handler' implicitly has an 'any' type.\nsrc/components/ui/dashboard/Dropdown/Dropdown3.tsx(8,25): error TS7006: Parameter 'event' implicitly has an 'any' type.\nsrc/components/ui/dashboard/Dropdown/Dropdown3.tsx(39,18): error TS2322: Type 'MutableRefObject<undefined>' is not assignable to type 'LegacyRef<HTMLDivElement> | undefined'.\n  Type 'MutableRefObject<undefined>' is not assignable to type 'RefObject<HTMLDivElement>'.\n    Types of property 'current' are incompatible.\n      Type 'undefined' is not assignable to type 'HTMLDivElement | null'.\nsrc/components/ui/dashboard/Dropdown/Dropdown3.tsx(84,25): error TS7031: Binding element 'label' implicitly has an 'any' type.\nsrc/components/ui/dashboard/Dropdown/Dropdown3.tsx(84,32): error TS7031: Binding element 'href' implicitly has an 'any' type.\nsrc/components/ui/dashboard/Dropdown/Dropdown4.tsx(4,24): error TS7006: Parameter 'handler' implicitly has an 'any' type.\nsrc/components/ui/dashboard/Dropdown/Dropdown4.tsx(8,25): error TS7006: Parameter 'event' implicitly has an 'any' type.\nsrc/components/ui/dashboard/Dropdown/Dropdown4.tsx(39,18): error TS2322: Type 'MutableRefObject<undefined>' is not assignable to type 'LegacyRef<HTMLDivElement> | undefined'.\n  Type 'MutableRefObject<undefined>' is not assignable to type 'RefObject<HTMLDivElement>'.\n    Types of property 'current' are incompatible.\n      Type 'undefined' is not assignable to type 'HTMLDivElement | null'.\nsrc/components/ui/dashboard/Dropdown/Dropdown4.tsx(84,25): error TS7031: Binding element 'label' implicitly has an 'any' type.\nsrc/components/ui/dashboard/Dropdown/Dropdown4.tsx(84,32): error TS7031: Binding element 'href' implicitly has an 'any' type.\nsrc/components/ui/dashboard/HorizontalMenu/HorizontalMenu1.tsx(195,20): error TS7031: Binding element 'link' implicitly has an 'any' type.\nsrc/components/ui/dashboard/HorizontalMenu/HorizontalMenu1.tsx(195,26): error TS7031: Binding element 'icon' implicitly has an 'any' type.\nsrc/components/ui/dashboard/HorizontalMenu/HorizontalMenu1.tsx(195,32): error TS7031: Binding element 'menu' implicitly has an 'any' type.\nsrc/components/ui/dashboard/HorizontalMenu/HorizontalMenu1.tsx(209,25): error TS7031: Binding element 'link' implicitly has an 'any' type.\nsrc/components/ui/dashboard/HorizontalMenu/HorizontalMenu1.tsx(209,31): error TS7031: Binding element 'name' implicitly has an 'any' type.\nsrc/components/ui/dashboard/HorizontalMenu/HorizontalMenu2.tsx(122,24): error TS7031: Binding element 'link' implicitly has an 'any' type.\nsrc/components/ui/dashboard/HorizontalMenu/HorizontalMenu2.tsx(122,30): error TS7031: Binding element 'name' implicitly has an 'any' type.\nsrc/components/ui/dashboard/HorizontalMenu/HorizontalMenu5.tsx(118,20): error TS7031: Binding element 'link' implicitly has an 'any' type.\nsrc/components/ui/dashboard/HorizontalMenu/HorizontalMenu5.tsx(118,26): error TS7031: Binding element 'menu' implicitly has an 'any' type.\nsrc/components/ui/dashboard/HorizontalMenu/HorizontalMenu5.tsx(131,25): error TS7031: Binding element 'link' implicitly has an 'any' type.\nsrc/components/ui/dashboard/HorizontalMenu/HorizontalMenu5.tsx(131,31): error TS7031: Binding element 'name' implicitly has an 'any' type.\nsrc/components/ui/dashboard/HorizontalMenu/HorizontalMenu6.tsx(11,29): error TS7031: Binding element 'target' implicitly has an 'any' type.\nsrc/components/ui/dashboard/HorizontalMenu/HorizontalMenu6.tsx(13,45): error TS2339: Property 'contains' does not exist on type 'never'.\nsrc/components/ui/dashboard/HorizontalMenu/HorizontalMenu6.tsx(13,65): error TS18047: 'trigger.current' is possibly 'null'.\nsrc/components/ui/dashboard/HorizontalMenu/HorizontalMenu6.tsx(22,27): error TS7031: Binding element 'keyCode' implicitly has an 'any' type.\nsrc/components/ui/dashboard/HorizontalMenu/HorizontalMenu6.tsx(200,20): error TS7031: Binding element 'link' implicitly has an 'any' type.\nsrc/components/ui/dashboard/HorizontalMenu/HorizontalMenu6.tsx(200,26): error TS7031: Binding element 'menu' implicitly has an 'any' type.\nsrc/components/ui/dashboard/HorizontalMenu/HorizontalMenu6.tsx(213,25): error TS7031: Binding element 'link' implicitly has an 'any' type.\nsrc/components/ui/dashboard/HorizontalMenu/HorizontalMenu6.tsx(213,31): error TS7031: Binding element 'name' implicitly has an 'any' type.\nsrc/components/ui/dashboard/Map/Map1.tsx(42,18): error TS7006: Parameter 'code' implicitly has an 'any' type.\nsrc/components/ui/dashboard/Map/Map2.tsx(35,18): error TS7006: Parameter 'code' implicitly has an 'any' type.\nsrc/components/ui/dashboard/Map/Map2.tsx(170,20): error TS7031: Binding element 'img' implicitly has an 'any' type.\nsrc/components/ui/dashboard/Map/Map2.tsx(170,25): error TS7031: Binding element 'name' implicitly has an 'any' type.\nsrc/components/ui/dashboard/Map/Map2.tsx(170,31): error TS7031: Binding element 'percent' implicitly has an 'any' type.\nsrc/components/ui/dashboard/Map/Map3.tsx(35,18): error TS7006: Parameter 'code' implicitly has an 'any' type.\nsrc/components/ui/dashboard/Map/Map4.tsx(35,18): error TS7006: Parameter 'code' implicitly has an 'any' type.\nsrc/components/ui/dashboard/SelectBox/SelectBox1.tsx(39,26): error TS7031: Binding element 'img' implicitly has an 'any' type.\nsrc/components/ui/dashboard/SelectBox/SelectBox1.tsx(39,31): error TS7031: Binding element 'name' implicitly has an 'any' type.\nsrc/components/ui/dashboard/SelectBox/SelectBox1.tsx(39,37): error TS7031: Binding element 'position' implicitly has an 'any' type.\nsrc/components/ui/dashboard/SelectBox/SelectBox2.tsx(35,26): error TS7031: Binding element 'id' implicitly has an 'any' type.\nsrc/components/ui/dashboard/SelectBox/SelectBox2.tsx(35,30): error TS7031: Binding element 'name' implicitly has an 'any' type.\nsrc/components/ui/dashboard/SelectBox/SelectBox2.tsx(35,36): error TS7031: Binding element 'img' implicitly has an 'any' type.\nsrc/components/ui/dashboard/SelectBox/SelectBox2.tsx(35,41): error TS7031: Binding element 'price' implicitly has an 'any' type.\nsrc/components/ui/dashboard/SelectBox/SelectBox2.tsx(35,48): error TS7031: Binding element 'title' implicitly has an 'any' type.\nsrc/components/ui/dashboard/SelectBox/SelectBox2.tsx(35,55): error TS7031: Binding element 'time' implicitly has an 'any' type.\nsrc/components/ui/dashboard/SelectBox/SelectBox3.tsx(30,26): error TS7031: Binding element 'id' implicitly has an 'any' type.\nsrc/components/ui/dashboard/SelectBox/SelectBox3.tsx(30,30): error TS7031: Binding element 'name' implicitly has an 'any' type.\nsrc/components/ui/dashboard/SelectBox/SelectBox3.tsx(30,36): error TS7031: Binding element 'address1' implicitly has an 'any' type.\nsrc/components/ui/dashboard/SelectBox/SelectBox3.tsx(30,46): error TS7031: Binding element 'address2' implicitly has an 'any' type.\nsrc/components/ui/dashboard/SelectBox/SelectBox3.tsx(30,56): error TS7031: Binding element 'title' implicitly has an 'any' type.\nsrc/components/ui/dashboard/SelectBox/SelectBox3.tsx(30,63): error TS7031: Binding element 'subtitle' implicitly has an 'any' type.\nsrc/components/ui/dashboard/SelectBox/SelectBox4.tsx(24,26): error TS7031: Binding element 'id' implicitly has an 'any' type.\nsrc/components/ui/dashboard/SelectBox/SelectBox4.tsx(24,30): error TS7031: Binding element 'title' implicitly has an 'any' type.\nsrc/components/ui/dashboard/SettingsPage/index.tsx(4,25): error TS7031: Binding element 'children' implicitly has an 'any' type.\nsrc/components/ui/dashboard/SettingsPage/index.tsx(12,29): error TS7031: Binding element 'target' implicitly has an 'any' type.\nsrc/components/ui/dashboard/SettingsPage/index.tsx(14,43): error TS2339: Property 'contains' does not exist on type 'never'.\nsrc/components/ui/dashboard/SettingsPage/index.tsx(14,79): error TS2339: Property 'contains' does not exist on type 'never'.\nsrc/components/ui/dashboard/SettingsPage/index.tsx(23,27): error TS7031: Binding element 'keyCode' implicitly has an 'any' type.\nsrc/components/ui/dashboard/SettingsPage/InputGroup.tsx(3,23): error TS7031: Binding element 'labelTitle' implicitly has an 'any' type.\nsrc/components/ui/dashboard/SettingsPage/InputGroup.tsx(3,35): error TS7031: Binding element 'type' implicitly has an 'any' type.\nsrc/components/ui/dashboard/SettingsPage/InputGroup.tsx(3,41): error TS7031: Binding element 'placeholder' implicitly has an 'any' type.\nsrc/components/ui/dashboard/SettingsPage/InputGroup.tsx(3,54): error TS7031: Binding element 'value' implicitly has an 'any' type.\nsrc/components/ui/dashboard/SettingsPage/InputGroup.tsx(3,61): error TS7031: Binding element 'name' implicitly has an 'any' type.\nsrc/components/ui/dashboard/SettingsPage/InputGroup.tsx(3,67): error TS7031: Binding element 'email' implicitly has an 'any' type.\nsrc/components/ui/dashboard/SettingsPage/LeftColumn.tsx(3,23): error TS7031: Binding element 'title' implicitly has an 'any' type.\nsrc/components/ui/dashboard/SettingsPage/LeftColumn.tsx(3,30): error TS7031: Binding element 'children' implicitly has an 'any' type.\nsrc/components/ui/dashboard/SettingsPage/RightColumn.tsx(3,24): error TS7031: Binding element 'title' implicitly has an 'any' type.\nsrc/components/ui/dashboard/SettingsPage/RightColumn.tsx(3,31): error TS7031: Binding element 'subtitle' implicitly has an 'any' type.\nsrc/components/ui/dashboard/SettingsPage/RightColumn.tsx(3,41): error TS7031: Binding element 'img' implicitly has an 'any' type.\nsrc/components/ui/dashboard/SettingsPage/SettingTop.tsx(3,23): error TS7031: Binding element 'title' implicitly has an 'any' type.\nsrc/components/ui/dashboard/SettingsPage/SettingTop.tsx(3,30): error TS7031: Binding element 'subtitle' implicitly has an 'any' type.\nsrc/components/ui/dashboard/SettingsPage/SettingTop.tsx(3,40): error TS7031: Binding element 'button1' implicitly has an 'any' type.\nsrc/components/ui/dashboard/SettingsPage/SettingTop.tsx(3,49): error TS7031: Binding element 'button2' implicitly has an 'any' type.\nsrc/components/ui/dashboard/SettingsPage/SidebarWrapper.tsx(4,27): error TS7031: Binding element 'children' implicitly has an 'any' type.\nsrc/components/ui/dashboard/SettingsPage/TextareaGroup.tsx(3,26): error TS7031: Binding element 'labelTitle' implicitly has an 'any' type.\nsrc/components/ui/dashboard/SettingsPage/TextareaGroup.tsx(3,38): error TS7031: Binding element 'placeholder' implicitly has an 'any' type.\nsrc/components/ui/dashboard/SettingsPage/TextareaGroup.tsx(3,51): error TS7031: Binding element 'value' implicitly has an 'any' type.\nsrc/components/ui/dashboard/SettingsPage2/index.tsx(4,25): error TS7031: Binding element 'children' implicitly has an 'any' type.\nsrc/components/ui/dashboard/SettingsPage2/index.tsx(12,29): error TS7031: Binding element 'target' implicitly has an 'any' type.\nsrc/components/ui/dashboard/SettingsPage2/index.tsx(14,43): error TS2339: Property 'contains' does not exist on type 'never'.\nsrc/components/ui/dashboard/SettingsPage2/index.tsx(14,79): error TS2339: Property 'contains' does not exist on type 'never'.\nsrc/components/ui/dashboard/SettingsPage2/index.tsx(23,27): error TS7031: Binding element 'keyCode' implicitly has an 'any' type.\nsrc/components/ui/dashboard/SettingsPage2/InputGroup.tsx(3,23): error TS7031: Binding element 'labelTitle' implicitly has an 'any' type.\nsrc/components/ui/dashboard/SettingsPage2/InputGroup.tsx(3,35): error TS7031: Binding element 'type' implicitly has an 'any' type.\nsrc/components/ui/dashboard/SettingsPage2/InputGroup.tsx(3,41): error TS7031: Binding element 'placeholder' implicitly has an 'any' type.\nsrc/components/ui/dashboard/SettingsPage2/InputGroup.tsx(3,54): error TS7031: Binding element 'value' implicitly has an 'any' type.\nsrc/components/ui/dashboard/SettingsPage2/LeftColumn.tsx(3,23): error TS7031: Binding element 'title' implicitly has an 'any' type.\nsrc/components/ui/dashboard/SettingsPage2/LeftColumn.tsx(3,30): error TS7031: Binding element 'subtitle' implicitly has an 'any' type.\nsrc/components/ui/dashboard/SettingsPage2/LeftColumn.tsx(3,40): error TS7031: Binding element 'img' implicitly has an 'any' type.\nsrc/components/ui/dashboard/SettingsPage2/LeftColumn.tsx(3,45): error TS7031: Binding element 'children' implicitly has an 'any' type.\nsrc/components/ui/dashboard/SettingsPage2/RightColumn.tsx(3,24): error TS7031: Binding element 'title' implicitly has an 'any' type.\nsrc/components/ui/dashboard/SettingsPage2/RightColumn.tsx(3,31): error TS7031: Binding element 'children' implicitly has an 'any' type.\nsrc/components/ui/dashboard/SettingsPage2/SettingTop.tsx(3,23): error TS7031: Binding element 'title' implicitly has an 'any' type.\nsrc/components/ui/dashboard/SettingsPage2/SettingTop.tsx(3,30): error TS7031: Binding element 'subtitle' implicitly has an 'any' type.\nsrc/components/ui/dashboard/SettingsPage2/SidebarWrapper.tsx(4,27): error TS7031: Binding element 'children' implicitly has an 'any' type.\nsrc/components/ui/dashboard/SettingsPage2/SubmitButton.tsx(3,25): error TS7031: Binding element 'children' implicitly has an 'any' type.\nsrc/components/ui/dashboard/ShoppingCart/ShoppingCart1.tsx(94,21): error TS7031: Binding element 'img' implicitly has an 'any' type.\nsrc/components/ui/dashboard/ShoppingCart/ShoppingCart1.tsx(94,26): error TS7031: Binding element 'link' implicitly has an 'any' type.\nsrc/components/ui/dashboard/ShoppingCart/ShoppingCart1.tsx(94,32): error TS7031: Binding element 'title' implicitly has an 'any' type.\nsrc/components/ui/dashboard/ShoppingCart/ShoppingCart1.tsx(94,39): error TS7031: Binding element 'number' implicitly has an 'any' type.\nsrc/components/ui/dashboard/ShoppingCart/ShoppingCart1.tsx(94,47): error TS7031: Binding element 'button' implicitly has an 'any' type.\nsrc/components/ui/dashboard/ShoppingCart/ShoppingCart1.tsx(94,55): error TS7031: Binding element 'button2' implicitly has an 'any' type.\nsrc/components/ui/dashboard/ShoppingCart/ShoppingCart1.tsx(94,64): error TS7031: Binding element 'price' implicitly has an 'any' type.\nsrc/components/ui/dashboard/ShoppingCart/ShoppingCart2.tsx(68,21): error TS7031: Binding element 'img' implicitly has an 'any' type.\nsrc/components/ui/dashboard/ShoppingCart/ShoppingCart2.tsx(68,26): error TS7031: Binding element 'link' implicitly has an 'any' type.\nsrc/components/ui/dashboard/ShoppingCart/ShoppingCart2.tsx(68,32): error TS7031: Binding element 'title' implicitly has an 'any' type.\nsrc/components/ui/dashboard/ShoppingCart/ShoppingCart2.tsx(68,39): error TS7031: Binding element 'subtitle' implicitly has an 'any' type.\nsrc/components/ui/dashboard/ShoppingCart/ShoppingCart2.tsx(68,49): error TS7031: Binding element 'color' implicitly has an 'any' type.\nsrc/components/ui/dashboard/ShoppingCart/ShoppingCart2.tsx(68,56): error TS7031: Binding element 'price' implicitly has an 'any' type.\nsrc/components/ui/dashboard/ShoppingCart/ShoppingCart3.tsx(149,21): error TS7031: Binding element 'img' implicitly has an 'any' type.\nsrc/components/ui/dashboard/ShoppingCart/ShoppingCart3.tsx(149,26): error TS7031: Binding element 'link' implicitly has an 'any' type.\nsrc/components/ui/dashboard/ShoppingCart/ShoppingCart3.tsx(149,32): error TS7031: Binding element 'title' implicitly has an 'any' type.\nsrc/components/ui/dashboard/ShoppingCart/ShoppingCart3.tsx(149,39): error TS7031: Binding element 'subtitle' implicitly has an 'any' type.\nsrc/components/ui/dashboard/ShoppingCart/ShoppingCart3.tsx(149,49): error TS7031: Binding element 'price' implicitly has an 'any' type.\nsrc/components/ui/dashboard/ShoppingCart/ShoppingCart4.tsx(99,21): error TS7031: Binding element 'img' implicitly has an 'any' type.\nsrc/components/ui/dashboard/ShoppingCart/ShoppingCart4.tsx(99,26): error TS7031: Binding element 'link' implicitly has an 'any' type.\nsrc/components/ui/dashboard/ShoppingCart/ShoppingCart4.tsx(99,32): error TS7031: Binding element 'title' implicitly has an 'any' type.\nsrc/components/ui/dashboard/ShoppingCart/ShoppingCart4.tsx(99,39): error TS7031: Binding element 'size' implicitly has an 'any' type.\nsrc/components/ui/dashboard/ShoppingCart/ShoppingCart4.tsx(99,45): error TS7031: Binding element 'color' implicitly has an 'any' type.\nsrc/components/ui/dashboard/ShoppingCart/ShoppingCart4.tsx(99,52): error TS7031: Binding element 'price' implicitly has an 'any' type.\nsrc/components/ui/dashboard/ShoppingCart/ShoppingCart4.tsx(99,59): error TS7031: Binding element 'stock' implicitly has an 'any' type.\nsrc/components/ui/dashboard/Step/Step1.tsx(23,23): error TS7031: Binding element 'number' implicitly has an 'any' type.\nsrc/components/ui/dashboard/Step/Step1.tsx(23,31): error TS7031: Binding element 'name' implicitly has an 'any' type.\nsrc/components/ui/dashboard/Step/Step1.tsx(23,37): error TS7031: Binding element 'done' implicitly has an 'any' type.\nsrc/components/ui/dashboard/Step/Step1.tsx(23,43): error TS7031: Binding element 'ongoing' implicitly has an 'any' type.\nsrc/components/ui/dashboard/Step/Step2.tsx(19,23): error TS7031: Binding element 'number' implicitly has an 'any' type.\nsrc/components/ui/dashboard/Step/Step2.tsx(19,31): error TS7031: Binding element 'title' implicitly has an 'any' type.\nsrc/components/ui/dashboard/Step/Step2.tsx(19,38): error TS7031: Binding element 'details' implicitly has an 'any' type.\nsrc/components/ui/dashboard/Step/Step2.tsx(19,47): error TS7031: Binding element 'done' implicitly has an 'any' type.\nsrc/components/ui/dashboard/Step/Step2.tsx(19,53): error TS7031: Binding element 'ongoing' implicitly has an 'any' type.\nsrc/components/ui/dashboard/Step/Step3.tsx(24,23): error TS7031: Binding element 'number' implicitly has an 'any' type.\nsrc/components/ui/dashboard/Step/Step3.tsx(24,31): error TS7031: Binding element 'name' implicitly has an 'any' type.\nsrc/components/ui/dashboard/Step/Step3.tsx(24,37): error TS7031: Binding element 'done' implicitly has an 'any' type.\nsrc/components/ui/dashboard/Step/Step5.tsx(20,23): error TS7031: Binding element 'number' implicitly has an 'any' type.\nsrc/components/ui/dashboard/Step/Step5.tsx(20,31): error TS7031: Binding element 'name' implicitly has an 'any' type.\nsrc/components/ui/dashboard/Step/Step5.tsx(20,37): error TS7031: Binding element 'done' implicitly has an 'any' type.\nsrc/components/ui/dashboard/Step/Step5.tsx(20,43): error TS7031: Binding element 'inProgress' implicitly has an 'any' type.\nsrc/components/ui/dashboard/Step/Step6.tsx(19,23): error TS7031: Binding element 'number' implicitly has an 'any' type.\nsrc/components/ui/dashboard/Step/Step6.tsx(19,31): error TS7031: Binding element 'name' implicitly has an 'any' type.\nsrc/components/ui/dashboard/Step/Step6.tsx(19,37): error TS7031: Binding element 'status' implicitly has an 'any' type.\nsrc/components/ui/dashboard/Step/Step6.tsx(19,45): error TS7031: Binding element 'done' implicitly has an 'any' type.\nsrc/components/ui/dashboard/Step/Step6.tsx(19,51): error TS7031: Binding element 'inProgress' implicitly has an 'any' type.\nsrc/components/ui/dashboard/Step/Step7.tsx(19,23): error TS7031: Binding element 'number' implicitly has an 'any' type.\nsrc/components/ui/dashboard/Step/Step7.tsx(19,31): error TS7031: Binding element 'name' implicitly has an 'any' type.\nsrc/components/ui/dashboard/Step/Step7.tsx(19,37): error TS7031: Binding element 'done' implicitly has an 'any' type.\nsrc/components/ui/dashboard/Step/Step8.tsx(24,23): error TS7031: Binding element 'number' implicitly has an 'any' type.\nsrc/components/ui/dashboard/Step/Step8.tsx(24,31): error TS7031: Binding element 'name' implicitly has an 'any' type.\nsrc/components/ui/dashboard/Step/Step8.tsx(24,37): error TS7031: Binding element 'details' implicitly has an 'any' type.\nsrc/components/ui/dashboard/Step/Step8.tsx(24,46): error TS7031: Binding element 'done' implicitly has an 'any' type.\nsrc/components/ui/dashboard/TableStack/TableStack1.tsx(36,30): error TS7031: Binding element 'title' implicitly has an 'any' type.\nsrc/components/ui/dashboard/TableStack/TableStack1.tsx(36,37): error TS7031: Binding element 'children' implicitly has an 'any' type.\nsrc/components/ui/dashboard/TableStack/TableStack1.tsx(45,22): error TS7031: Binding element 'img' implicitly has an 'any' type.\nsrc/components/ui/dashboard/TableStack/TableStack1.tsx(45,27): error TS7031: Binding element 'name' implicitly has an 'any' type.\nsrc/components/ui/dashboard/TableStack/TableStack1.tsx(45,33): error TS7031: Binding element 'position' implicitly has an 'any' type.\nsrc/components/ui/dashboard/TableStack/TableStack1.tsx(72,29): error TS7031: Binding element 'target' implicitly has an 'any' type.\nsrc/components/ui/dashboard/TableStack/TableStack1.tsx(74,45): error TS2339: Property 'contains' does not exist on type 'never'.\nsrc/components/ui/dashboard/TableStack/TableStack1.tsx(74,65): error TS18047: 'trigger.current' is possibly 'null'.\nsrc/components/ui/dashboard/TableStack/TableStack1.tsx(83,27): error TS7031: Binding element 'keyCode' implicitly has an 'any' type.\nsrc/components/ui/dashboard/TableStack/TableStack2.tsx(27,30): error TS7031: Binding element 'title' implicitly has an 'any' type.\nsrc/components/ui/dashboard/TableStack/TableStack2.tsx(27,37): error TS7031: Binding element 'children' implicitly has an 'any' type.\nsrc/components/ui/dashboard/TableStack/TableStack2.tsx(40,22): error TS7031: Binding element 'apk' implicitly has an 'any' type.\nsrc/components/ui/dashboard/TableStack/TableStack2.tsx(40,27): error TS7031: Binding element 'fileName' implicitly has an 'any' type.\nsrc/components/ui/dashboard/TableStack/TableStack2.tsx(40,37): error TS7031: Binding element 'fileSize' implicitly has an 'any' type.\nsrc/components/ui/dashboard/TableStack/TableStack2.tsx(40,47): error TS7031: Binding element 'date' implicitly has an 'any' type.\nsrc/components/ui/dashboard/TableStack/TableStack2.tsx(40,53): error TS7031: Binding element 'buttonLink' implicitly has an 'any' type.\nsrc/components/ui/dashboard/TableStack/TableStack2.tsx(40,65): error TS7031: Binding element 'buttonText' implicitly has an 'any' type.\nsrc/components/ui/dashboard/TableStack/TableStack3.tsx(31,30): error TS7031: Binding element 'title' implicitly has an 'any' type.\nsrc/components/ui/dashboard/TableStack/TableStack3.tsx(31,37): error TS7031: Binding element 'children' implicitly has an 'any' type.\nsrc/components/ui/dashboard/TableStack/TableStack3.tsx(71,22): error TS7031: Binding element 'img' implicitly has an 'any' type.\nsrc/components/ui/dashboard/TableStack/TableStack3.tsx(71,27): error TS7031: Binding element 'name' implicitly has an 'any' type.\nsrc/components/ui/dashboard/TableStack/TableStack3.tsx(71,33): error TS7031: Binding element 'details' implicitly has an 'any' type.\nsrc/components/ui/dashboard/TableStack/TableStack3.tsx(71,42): error TS7031: Binding element 'price' implicitly has an 'any' type.\nsrc/components/ui/dashboard/TableStack/TableStack3.tsx(71,49): error TS7031: Binding element 'shipped' implicitly has an 'any' type.\nsrc/components/ui/dashboard/TableStack/TableStack4.tsx(48,3): error TS7031: Binding element 'title' implicitly has an 'any' type.\nsrc/components/ui/dashboard/TableStack/TableStack4.tsx(49,3): error TS7031: Binding element 'type' implicitly has an 'any' type.\nsrc/components/ui/dashboard/TableStack/TableStack4.tsx(50,3): error TS7031: Binding element 'buttonLink' implicitly has an 'any' type.\nsrc/components/ui/dashboard/TableStack/TableStack4.tsx(51,3): error TS7031: Binding element 'buttonText' implicitly has an 'any' type.\nsrc/components/ui/dashboard/TableStack/TableStack4.tsx(52,3): error TS7031: Binding element 'details' implicitly has an 'any' type.\nsrc/components/ui/dashboard/TableStack/TableStack4.tsx(53,3): error TS7031: Binding element 'siteLink' implicitly has an 'any' type.\nsrc/components/ui/dashboard/TableStack/TableStack4.tsx(54,3): error TS7031: Binding element 'siteName' implicitly has an 'any' type.\nsrc/components/ui/dashboard/TableStack/TableStack4.tsx(55,3): error TS7031: Binding element 'salaryRange' implicitly has an 'any' type.\nsrc/components/ui/dashboard/TableStack/TableStack4.tsx(56,3): error TS7031: Binding element 'officePlace' implicitly has an 'any' type.\nsrc/components/ui/dashboard/TableStack/TableStack5.tsx(20,30): error TS7031: Binding element 'title' implicitly has an 'any' type.\nsrc/components/ui/dashboard/TableStack/TableStack5.tsx(20,37): error TS7031: Binding element 'children' implicitly has an 'any' type.\nsrc/components/ui/dashboard/TableStack/TableStack5.tsx(31,22): error TS7031: Binding element 'shortName' implicitly has an 'any' type.\nsrc/components/ui/dashboard/TableStack/TableStack5.tsx(31,33): error TS7031: Binding element 'name' implicitly has an 'any' type.\nsrc/components/ui/dashboard/TableStack/TableStack5.tsx(31,39): error TS7031: Binding element 'position' implicitly has an 'any' type.\nsrc/components/ui/dashboard/TableStack/TableStack5.tsx(31,49): error TS7031: Binding element 'id' implicitly has an 'any' type.\nsrc/components/ui/dashboard/TableStack/TableStack5.tsx(31,53): error TS7031: Binding element 'nameBg' implicitly has an 'any' type.\nsrc/components/ui/dashboard/TableStack/TableStack5.tsx(52,21): error TS7031: Binding element 'id' implicitly has an 'any' type.\nsrc/components/ui/dashboard/VerticalNavbar/VerticalNavbar1.tsx(57,20): error TS7031: Binding element 'menu' implicitly has an 'any' type.\nsrc/components/ui/dashboard/VerticalNavbar/VerticalNavbar1.tsx(57,26): error TS7031: Binding element 'link' implicitly has an 'any' type.\nsrc/components/ui/dashboard/VerticalNavbar/VerticalNavbar1.tsx(57,32): error TS7031: Binding element 'submenu' implicitly has an 'any' type.\nsrc/components/ui/dashboard/VerticalNavbar/VerticalNavbar1.tsx(57,41): error TS7031: Binding element 'children' implicitly has an 'any' type.\nsrc/components/ui/dashboard/VerticalNavbar/VerticalNavbar1.tsx(65,29): error TS7031: Binding element 'target' implicitly has an 'any' type.\nsrc/components/ui/dashboard/VerticalNavbar/VerticalNavbar1.tsx(67,45): error TS2339: Property 'contains' does not exist on type 'never'.\nsrc/components/ui/dashboard/VerticalNavbar/VerticalNavbar1.tsx(67,65): error TS18047: 'trigger.current' is possibly 'null'.\nsrc/components/ui/dashboard/VerticalNavbar/VerticalNavbar1.tsx(76,27): error TS7031: Binding element 'keyCode' implicitly has an 'any' type.\nsrc/components/ui/dashboard/VerticalNavbar/VerticalNavbar1.tsx(123,25): error TS7031: Binding element 'link' implicitly has an 'any' type.\nsrc/components/ui/dashboard/VerticalNavbar/VerticalNavbar1.tsx(123,31): error TS7031: Binding element 'menu' implicitly has an 'any' type.\nsrc/components/ui/dashboard/VerticalNavbar/VerticalNavbar2.tsx(290,20): error TS7031: Binding element 'menu' implicitly has an 'any' type.\nsrc/components/ui/dashboard/VerticalNavbar/VerticalNavbar2.tsx(290,26): error TS7031: Binding element 'link' implicitly has an 'any' type.\nsrc/components/ui/dashboard/VerticalNavbar/VerticalNavbar2.tsx(290,32): error TS7031: Binding element 'submenu' implicitly has an 'any' type.\nsrc/components/ui/dashboard/VerticalNavbar/VerticalNavbar2.tsx(290,41): error TS7031: Binding element 'icon' implicitly has an 'any' type.\nsrc/components/ui/dashboard/VerticalNavbar/VerticalNavbar2.tsx(290,47): error TS7031: Binding element 'children' implicitly has an 'any' type.\nsrc/components/ui/dashboard/VerticalNavbar/VerticalNavbar2.tsx(298,29): error TS7031: Binding element 'target' implicitly has an 'any' type.\nsrc/components/ui/dashboard/VerticalNavbar/VerticalNavbar2.tsx(300,45): error TS2339: Property 'contains' does not exist on type 'never'.\nsrc/components/ui/dashboard/VerticalNavbar/VerticalNavbar2.tsx(300,65): error TS18047: 'trigger.current' is possibly 'null'.\nsrc/components/ui/dashboard/VerticalNavbar/VerticalNavbar2.tsx(309,27): error TS7031: Binding element 'keyCode' implicitly has an 'any' type.\nsrc/components/ui/dashboard/VerticalNavbar/VerticalNavbar2.tsx(357,25): error TS7031: Binding element 'link' implicitly has an 'any' type.\nsrc/components/ui/dashboard/VerticalNavbar/VerticalNavbar2.tsx(357,31): error TS7031: Binding element 'menu' implicitly has an 'any' type.\nsrc/components/ui/dashboard/VerticalNavbar/VerticalNavbar3.tsx(285,20): error TS7031: Binding element 'menu' implicitly has an 'any' type.\nsrc/components/ui/dashboard/VerticalNavbar/VerticalNavbar3.tsx(285,26): error TS7031: Binding element 'link' implicitly has an 'any' type.\nsrc/components/ui/dashboard/VerticalNavbar/VerticalNavbar3.tsx(285,32): error TS7031: Binding element 'icon' implicitly has an 'any' type.\nsrc/components/ui/dashboard/VerticalNavbar/VerticalNavbar4.tsx(292,20): error TS7031: Binding element 'menu' implicitly has an 'any' type.\nsrc/components/ui/dashboard/VerticalNavbar/VerticalNavbar4.tsx(292,26): error TS7031: Binding element 'link' implicitly has an 'any' type.\nsrc/components/ui/dashboard/VerticalNavbar/VerticalNavbar4.tsx(292,32): error TS7031: Binding element 'submenu' implicitly has an 'any' type.\nsrc/components/ui/dashboard/VerticalNavbar/VerticalNavbar4.tsx(292,41): error TS7031: Binding element 'message' implicitly has an 'any' type.\nsrc/components/ui/dashboard/VerticalNavbar/VerticalNavbar4.tsx(292,50): error TS7031: Binding element 'icon' implicitly has an 'any' type.\nsrc/components/ui/dashboard/VerticalNavbar/VerticalNavbar4.tsx(292,56): error TS7031: Binding element 'children' implicitly has an 'any' type.\nsrc/components/ui/dashboard/VerticalNavbar/VerticalNavbar4.tsx(300,29): error TS7031: Binding element 'target' implicitly has an 'any' type.\nsrc/components/ui/dashboard/VerticalNavbar/VerticalNavbar4.tsx(302,45): error TS2339: Property 'contains' does not exist on type 'never'.\nsrc/components/ui/dashboard/VerticalNavbar/VerticalNavbar4.tsx(302,65): error TS18047: 'trigger.current' is possibly 'null'.\nsrc/components/ui/dashboard/VerticalNavbar/VerticalNavbar4.tsx(311,27): error TS7031: Binding element 'keyCode' implicitly has an 'any' type.\nsrc/components/ui/dashboard/VerticalNavbar/VerticalNavbar4.tsx(364,25): error TS7031: Binding element 'link' implicitly has an 'any' type.\nsrc/components/ui/dashboard/VerticalNavbar/VerticalNavbar4.tsx(364,31): error TS7031: Binding element 'menu' implicitly has an 'any' type.\nsrc/components/ui/dashboard/VerticalNavbar/VerticalNavbar5.tsx(287,20): error TS7031: Binding element 'menu' implicitly has an 'any' type.\nsrc/components/ui/dashboard/VerticalNavbar/VerticalNavbar5.tsx(287,26): error TS7031: Binding element 'link' implicitly has an 'any' type.\nsrc/components/ui/dashboard/VerticalNavbar/VerticalNavbar5.tsx(287,32): error TS7031: Binding element 'submenu' implicitly has an 'any' type.\nsrc/components/ui/dashboard/VerticalNavbar/VerticalNavbar5.tsx(287,41): error TS7031: Binding element 'message' implicitly has an 'any' type.\nsrc/components/ui/dashboard/VerticalNavbar/VerticalNavbar5.tsx(287,50): error TS7031: Binding element 'icon' implicitly has an 'any' type.\nsrc/components/ui/dashboard/VerticalNavbar/VerticalNavbar5.tsx(287,56): error TS7031: Binding element 'children' implicitly has an 'any' type.\nsrc/components/ui/dashboard/VerticalNavbar/VerticalNavbar5.tsx(295,29): error TS7031: Binding element 'target' implicitly has an 'any' type.\nsrc/components/ui/dashboard/VerticalNavbar/VerticalNavbar5.tsx(297,45): error TS2339: Property 'contains' does not exist on type 'never'.\nsrc/components/ui/dashboard/VerticalNavbar/VerticalNavbar5.tsx(297,65): error TS18047: 'trigger.current' is possibly 'null'.\nsrc/components/ui/dashboard/VerticalNavbar/VerticalNavbar5.tsx(306,27): error TS7031: Binding element 'keyCode' implicitly has an 'any' type.\nsrc/components/ui/dashboard/VerticalNavbar/VerticalNavbar5.tsx(359,25): error TS7031: Binding element 'link' implicitly has an 'any' type.\nsrc/components/ui/dashboard/VerticalNavbar/VerticalNavbar5.tsx(359,31): error TS7031: Binding element 'menu' implicitly has an 'any' type.\nsrc/components/ui/dashboard/VerticalNavbar/VerticalNavbar6.tsx(334,21): error TS7031: Binding element 'href' implicitly has an 'any' type.\nsrc/components/ui/dashboard/VerticalNavbar/VerticalNavbar6.tsx(334,27): error TS7031: Binding element 'icon' implicitly has an 'any' type.\nsrc/components/ui/dashboard/VerticalNavbar/VerticalNavbar6.tsx(342,20): error TS7031: Binding element 'menu' implicitly has an 'any' type.\nsrc/components/ui/dashboard/VerticalNavbar/VerticalNavbar6.tsx(342,26): error TS7031: Binding element 'link' implicitly has an 'any' type.\nsrc/components/ui/dashboard/VerticalNavbar/VerticalNavbar6.tsx(342,32): error TS7031: Binding element 'submenu' implicitly has an 'any' type.\nsrc/components/ui/dashboard/VerticalNavbar/VerticalNavbar6.tsx(342,41): error TS7031: Binding element 'message' implicitly has an 'any' type.\nsrc/components/ui/dashboard/VerticalNavbar/VerticalNavbar6.tsx(342,50): error TS7031: Binding element 'icon' implicitly has an 'any' type.\nsrc/components/ui/dashboard/VerticalNavbar/VerticalNavbar6.tsx(342,56): error TS7031: Binding element 'avatar1' implicitly has an 'any' type.\nsrc/components/ui/dashboard/VerticalNavbar/VerticalNavbar6.tsx(342,65): error TS7031: Binding element 'avatar2' implicitly has an 'any' type.\nsrc/components/ui/dashboard/VerticalNavbar/VerticalNavbar6.tsx(342,74): error TS7031: Binding element 'avatar3' implicitly has an 'any' type.\nsrc/components/ui/dashboard/VerticalNavbar/VerticalNavbar6.tsx(342,83): error TS7031: Binding element 'children' implicitly has an 'any' type.\nsrc/components/ui/dashboard/VerticalNavbar/VerticalNavbar6.tsx(350,29): error TS7031: Binding element 'target' implicitly has an 'any' type.\nsrc/components/ui/dashboard/VerticalNavbar/VerticalNavbar6.tsx(352,45): error TS2339: Property 'contains' does not exist on type 'never'.\nsrc/components/ui/dashboard/VerticalNavbar/VerticalNavbar6.tsx(352,65): error TS18047: 'trigger.current' is possibly 'null'.\nsrc/components/ui/dashboard/VerticalNavbar/VerticalNavbar6.tsx(361,27): error TS7031: Binding element 'keyCode' implicitly has an 'any' type.\nsrc/components/ui/dashboard/VerticalNavbar/VerticalNavbar6.tsx(421,25): error TS7031: Binding element 'link' implicitly has an 'any' type.\nsrc/components/ui/dashboard/VerticalNavbar/VerticalNavbar6.tsx(421,31): error TS7031: Binding element 'menu' implicitly has an 'any' type.\nsrc/components/ui/dashboard/VerticalNavbar/VerticalNavbar7.tsx(321,22): error TS7031: Binding element 'title' implicitly has an 'any' type.\nsrc/components/ui/dashboard/VerticalNavbar/VerticalNavbar7.tsx(325,20): error TS7031: Binding element 'menu' implicitly has an 'any' type.\nsrc/components/ui/dashboard/VerticalNavbar/VerticalNavbar7.tsx(325,26): error TS7031: Binding element 'link' implicitly has an 'any' type.\nsrc/components/ui/dashboard/VerticalNavbar/VerticalNavbar7.tsx(325,32): error TS7031: Binding element 'submenu' implicitly has an 'any' type.\nsrc/components/ui/dashboard/VerticalNavbar/VerticalNavbar7.tsx(325,41): error TS7031: Binding element 'message' implicitly has an 'any' type.\nsrc/components/ui/dashboard/VerticalNavbar/VerticalNavbar7.tsx(325,50): error TS7031: Binding element 'icon' implicitly has an 'any' type.\nsrc/components/ui/dashboard/VerticalNavbar/VerticalNavbar7.tsx(325,56): error TS7031: Binding element 'children' implicitly has an 'any' type.\nsrc/components/ui/dashboard/VerticalNavbar/VerticalNavbar7.tsx(333,29): error TS7031: Binding element 'target' implicitly has an 'any' type.\nsrc/components/ui/dashboard/VerticalNavbar/VerticalNavbar7.tsx(335,45): error TS2339: Property 'contains' does not exist on type 'never'.\nsrc/components/ui/dashboard/VerticalNavbar/VerticalNavbar7.tsx(335,65): error TS18047: 'trigger.current' is possibly 'null'.\nsrc/components/ui/dashboard/VerticalNavbar/VerticalNavbar7.tsx(344,27): error TS7031: Binding element 'keyCode' implicitly has an 'any' type.\nsrc/components/ui/dashboard/VerticalNavbar/VerticalNavbar7.tsx(397,25): error TS7031: Binding element 'link' implicitly has an 'any' type.\nsrc/components/ui/dashboard/VerticalNavbar/VerticalNavbar7.tsx(397,31): error TS7031: Binding element 'menu' implicitly has an 'any' type.\nsrc/contexts/ThemeContext.tsx(166,7): error TS2322: Type '{ fontFamily?: { primary: string; secondary: string; mono: string; } | undefined; fontSize?: { xs: string; sm: string; base: string; lg: string; xl: string; '2xl': string; '3xl': string; '4xl': string; } | undefined; fontWeight?: { ...; } | undefined; lineHeight?: { ...; } | undefined; letterSpacing?: { ...; } | und...' is not assignable to type 'ThemeTypography'.\n  Types of property 'fontFamily' are incompatible.\n    Type '{ primary: string; secondary: string; mono: string; } | undefined' is not assignable to type '{ primary: string; secondary: string; mono: string; }'.\n      Type 'undefined' is not assignable to type '{ primary: string; secondary: string; mono: string; }'.\nsrc/contexts/ThemeContext.tsx(181,7): error TS2322: Type '{ borderRadius?: { none: string; sm: string; base: string; lg: string; xl: string; full: string; } | undefined; spacing?: { xs: string; sm: string; base: string; lg: string; xl: string; '2xl': string; } | undefined; shadows?: { ...; } | undefined; sidebarWidth?: string | undefined; headerHeight?: string | undefined;...' is not assignable to type 'ThemeLayout'.\n  Types of property 'borderRadius' are incompatible.\n    Type '{ none: string; sm: string; base: string; lg: string; xl: string; full: string; } | undefined' is not assignable to type '{ none: string; sm: string; base: string; lg: string; xl: string; full: string; }'.\n      Type 'undefined' is not assignable to type '{ none: string; sm: string; base: string; lg: string; xl: string; full: string; }'.\nsrc/contexts/ThemeContext.tsx(196,7): error TS2322: Type '{ duration?: { fast: string; normal: string; slow: string; } | undefined; easing?: { linear: string; ease: string; easeIn: string; easeOut: string; easeInOut: string; } | undefined; enabled?: boolean | undefined; reducedMotion?: boolean | undefined; }' is not assignable to type 'ThemeAnimations'.\n  Types of property 'duration' are incompatible.\n    Type '{ fast: string; normal: string; slow: string; } | undefined' is not assignable to type '{ fast: string; normal: string; slow: string; }'.\n      Type 'undefined' is not assignable to type '{ fast: string; normal: string; slow: string; }'.\nsrc/contexts/ThemeContext.tsx(211,7): error TS2322: Type '{ primary?: string | undefined; secondary?: string | undefined; accent?: string | undefined; success?: string | undefined; warning?: string | undefined; error?: string | undefined; }' is not assignable to type 'ThemeGradients'.\n  Types of property 'primary' are incompatible.\n    Type 'string | undefined' is not assignable to type 'string'.\n      Type 'undefined' is not assignable to type 'string'.\nsrc/hooks/useMenuSystemRealtime.ts(126,29): error TS2345: Argument of type 'string | undefined' is not assignable to parameter of type 'string'.\n  Type 'undefined' is not assignable to type 'string'.\nsrc/hooks/useMenuSystemRealtime.ts(133,29): error TS2345: Argument of type 'string | undefined' is not assignable to parameter of type 'string'.\n  Type 'undefined' is not assignable to type 'string'.\nsrc/registry/MenuRegistry.tsx(310,30): error TS7006: Parameter 'item' implicitly has an 'any' type.\nsrc/registry/MenuRegistry.tsx(340,33): error TS7006: Parameter 'item' implicitly has an 'any' type.\n",
          "stderr": ""
        },
        "timestamp": "2025-09-04T14:56:28.335Z"
      }
    ]
  }
}
