TN:
SF:services/provider-service/src/errors/apiError.ts
FN:5,(anonymous_0)
FNF:1
FNH:1
FNDA:3,(anonymous_0)
DA:1,1
DA:6,3
DA:7,3
DA:8,3
DA:9,3
LF:5
LH:5
BRF:0
BRH:0
end_of_record
TN:
SF:services/provider-service/src/services/ServiceService.ts
FN:12,(anonymous_1)
FN:26,(anonymous_2)
FN:52,(anonymous_3)
FN:62,(anonymous_4)
FN:89,(anonymous_5)
FNF:5
FNH:5
FNDA:2,(anonymous_1)
FNDA:2,(anonymous_2)
FNDA:2,(anonymous_3)
FNDA:1,(anonymous_4)
FNDA:1,(anonymous_5)
DA:4,1
DA:6,1
DA:7,1
DA:10,1
DA:13,2
DA:14,1
DA:16,1
DA:30,2
DA:31,2
DA:33,2
DA:36,2
DA:39,2
DA:40,1
DA:42,1
DA:43,1
DA:53,2
DA:54,2
DA:55,2
DA:56,1
DA:58,1
DA:63,1
DA:64,1
DA:65,1
DA:66,0
DA:68,1
DA:69,1
DA:78,0
DA:79,0
DA:81,0
DA:82,0
DA:84,0
DA:90,1
DA:91,1
DA:92,1
DA:93,0
DA:95,1
DA:96,1
DA:98,0
DA:99,0
DA:101,0
DA:102,0
DA:104,0
LF:42
LH:30
BRDA:13,0,0,1
BRDA:19,1,0,1
BRDA:19,1,1,0
BRDA:20,2,0,1
BRDA:20,2,1,0
BRDA:27,3,0,0
BRDA:30,4,0,2
BRDA:30,5,0,2
BRDA:33,6,0,0
BRDA:33,6,1,2
BRDA:33,7,0,2
BRDA:33,7,1,0
BRDA:37,8,0,0
BRDA:37,8,1,2
BRDA:39,9,0,1
BRDA:39,10,0,2
BRDA:39,10,1,1
BRDA:54,11,0,0
BRDA:55,12,0,1
BRDA:64,13,0,0
BRDA:65,14,0,0
BRDA:73,15,0,0
BRDA:73,15,1,1
BRDA:74,16,0,0
BRDA:74,16,1,1
BRDA:78,17,0,0
BRDA:78,18,0,0
BRDA:78,18,1,0
BRDA:81,19,0,0
BRDA:91,20,0,0
BRDA:92,21,0,0
BRDA:98,22,0,0
BRDA:98,23,0,0
BRDA:98,23,1,0
BRDA:101,24,0,0
BRF:35
BRH:14
end_of_record
TN:
SF:services/proxy-service/src/services/ProxyProviderClient.ts
FN:34,isProxyInfo
FN:52,(anonymous_2)
FN:58,(anonymous_3)
FN:69,(anonymous_4)
FN:91,(anonymous_5)
FN:92,(anonymous_6)
FN:114,(anonymous_7)
FN:121,(anonymous_8)
FN:126,(anonymous_9)
FNF:9
FNH:2
FNDA:0,isProxyInfo
FNDA:2,(anonymous_2)
FNDA:1,(anonymous_3)
FNDA:0,(anonymous_4)
FNDA:0,(anonymous_5)
FNDA:0,(anonymous_6)
FNDA:0,(anonymous_7)
FNDA:0,(anonymous_8)
FNDA:0,(anonymous_9)
DA:1,1
DA:35,0
DA:36,0
DA:37,0
DA:49,1
DA:53,2
DA:59,1
DA:60,0
DA:61,0
DA:62,0
DA:63,0
DA:64,0
DA:65,0
DA:70,0
DA:75,0
DA:76,0
DA:77,0
DA:78,0
DA:79,0
DA:80,0
DA:81,0
DA:83,0
DA:84,0
DA:87,0
DA:92,0
DA:93,0
DA:98,0
DA:99,0
DA:100,0
DA:101,0
DA:107,0
DA:109,0
DA:115,0
DA:116,0
DA:117,0
DA:118,0
DA:123,0
DA:128,0
LF:38
LH:4
BRDA:35,0,0,0
BRDA:35,1,0,0
BRDA:35,1,1,0
BRDA:38,2,0,0
BRDA:38,2,1,0
BRDA:38,2,2,0
BRDA:38,2,3,0
BRDA:38,2,4,0
BRDA:38,2,5,0
BRDA:38,2,6,0
BRDA:38,2,7,0
BRDA:54,3,0,2
BRDA:54,3,1,0
BRDA:54,3,2,0
BRDA:60,4,0,0
BRDA:62,5,0,0
BRDA:62,6,0,0
BRDA:62,6,1,0
BRDA:62,6,2,0
BRDA:64,7,0,0
BRDA:75,8,0,0
BRDA:79,9,0,0
BRDA:79,10,0,0
BRDA:79,10,1,0
BRDA:80,11,0,0
BRDA:80,12,0,0
BRDA:80,12,1,0
BRDA:81,13,0,0
BRDA:81,13,1,0
BRDA:83,14,0,0
BRDA:83,15,0,0
BRDA:83,15,1,0
BRDA:98,16,0,0
BRDA:101,17,0,0
BRDA:102,18,0,0
BRDA:102,18,1,0
BRDA:102,18,2,0
BRDA:102,18,3,0
BRDA:116,19,0,0
BRDA:118,20,0,0
BRDA:118,20,1,0
BRF:41
BRH:1
end_of_record
